<?xml version="1.0" encoding="UTF-8"?>
<robot generator="Robot 3.2.2 (Python 3.9.0 on win32)" generated="20201214 09:40:19.418" rpa="false">
<suite id="s1" name="Rf Test Cases" source="C:\Users\oliver.uhlar\Desktop\Projects\ping_vms\rf_test_cases.robot">
<kw name="Start vms" type="setup">
<kw name="Start Process" library="Process">
<doc>Starts a new process on background.</doc>
<arguments>
<arg>C:\\Program Files\\Oracle\\VirtualBox\\VBoxManage.exe</arg>
<arg>startvm</arg>
<arg>ubuntu_1</arg>
<arg>{c0382caa-6ce6-4fd3-aab4-77ea96bff7f7}</arg>
<arg>--type</arg>
<arg>headless</arg>
</arguments>
<msg timestamp="20201214 09:40:19.469" level="INFO">Starting process:
"C:\Program Files\Oracle\VirtualBox\VBoxManage.exe" startvm ubuntu_1 {c0382caa-6ce6-4fd3-aab4-77ea96bff7f7} --type headless</msg>
<status status="PASS" starttime="20201214 09:40:19.469" endtime="20201214 09:40:19.471"></status>
</kw>
<kw name="Start Process" library="Process">
<doc>Starts a new process on background.</doc>
<arguments>
<arg>C:\\Program Files\\Oracle\\VirtualBox\\VBoxManage.exe</arg>
<arg>startvm</arg>
<arg>ubuntu_2</arg>
<arg>{c0382caa-6ce6-4fd3-aab4-77ea96bff7f7}</arg>
<arg>--type</arg>
<arg>headless</arg>
</arguments>
<msg timestamp="20201214 09:40:19.472" level="INFO">Starting process:
"C:\Program Files\Oracle\VirtualBox\VBoxManage.exe" startvm ubuntu_2 {c0382caa-6ce6-4fd3-aab4-77ea96bff7f7} --type headless</msg>
<status status="PASS" starttime="20201214 09:40:19.471" endtime="20201214 09:40:19.474"></status>
</kw>
<status status="PASS" starttime="20201214 09:40:19.469" endtime="20201214 09:40:19.475"></status>
</kw>
<test id="s1-t1" name="NIC config before setting NIC">
<kw name="Wait Until Keyword Succeeds" library="BuiltIn">
<doc>Runs the specified keyword and retries if it fails.</doc>
<arguments>
<arg>2min</arg>
<arg>10s</arg>
<arg>Are booted</arg>
</arguments>
<kw name="Are booted">
<kw name="Run Process" library="Process">
<doc>Runs a process and waits for it to complete.</doc>
<arguments>
<arg>C:\\Users\\oliver.uhlar\\Desktop\\Projects\\ping_vms\\.venv\\Scripts\\python.exe</arg>
<arg>print_nic.py</arg>
<arg>runserver</arg>
</arguments>
<assign>
<var>${result}</var>
</assign>
<msg timestamp="20201214 09:40:19.477" level="INFO">Starting process:
C:\Users\oliver.uhlar\Desktop\Projects\ping_vms\.venv\Scripts\python.exe print_nic.py runserver</msg>
<msg timestamp="20201214 09:40:19.479" level="INFO">Waiting for process to complete.</msg>
<msg timestamp="20201214 09:40:40.876" level="INFO">Process completed.</msg>
<msg timestamp="20201214 09:40:40.876" level="INFO">${result} = &lt;result object with rc 1&gt;</msg>
<status status="PASS" starttime="20201214 09:40:19.476" endtime="20201214 09:40:40.876"></status>
</kw>
<kw name="Should Be Empty" library="BuiltIn">
<doc>Verifies that the given item is empty.</doc>
<arguments>
<arg>${result.stderr}</arg>
<arg>msg=${result.stderr}</arg>
</arguments>
<msg timestamp="20201214 09:40:40.878" level="INFO">Length is 931</msg>
<msg timestamp="20201214 09:40:40.878" level="FAIL">Traceback (most recent call last):
  File "C:\Users\oliver.uhlar\Desktop\Projects\ping_vms\print_nic.py", line 24, in &lt;module&gt;
    vm_u.connect('192.168.56.2',port=22, username='oliveruhlar', password='', key_filename='w_rsa')
  File "C:\Users\oliver.uhlar\Desktop\Projects\ping_vms\.venv\lib\site-packages\paramiko\client.py", line 349, in connect
    retry_on_signal(lambda: sock.connect(addr))
  File "C:\Users\oliver.uhlar\Desktop\Projects\ping_vms\.venv\lib\site-packages\paramiko\util.py", line 283, in retry_on_signal
    return function()
  File "C:\Users\oliver.uhlar\Desktop\Projects\ping_vms\.venv\lib\site-packages\paramiko\client.py", line 349, in &lt;lambda&gt;
    retry_on_signal(lambda: sock.connect(addr))
TimeoutError: [WinError 10060] A connection attempt failed because the connected party did not properly respond after a period of time, or established connection failed because connected host has failed to respond</msg>
<status status="FAIL" starttime="20201214 09:40:40.877" endtime="20201214 09:40:40.878"></status>
</kw>
<status status="FAIL" starttime="20201214 09:40:19.476" endtime="20201214 09:40:40.878"></status>
</kw>
<kw name="Are booted">
<kw name="Run Process" library="Process">
<doc>Runs a process and waits for it to complete.</doc>
<arguments>
<arg>C:\\Users\\oliver.uhlar\\Desktop\\Projects\\ping_vms\\.venv\\Scripts\\python.exe</arg>
<arg>print_nic.py</arg>
<arg>runserver</arg>
</arguments>
<assign>
<var>${result}</var>
</assign>
<msg timestamp="20201214 09:40:50.880" level="INFO">Starting process:
C:\Users\oliver.uhlar\Desktop\Projects\ping_vms\.venv\Scripts\python.exe print_nic.py runserver</msg>
<msg timestamp="20201214 09:40:50.885" level="INFO">Waiting for process to complete.</msg>
<msg timestamp="20201214 09:41:12.388" level="INFO">Process completed.</msg>
<msg timestamp="20201214 09:41:12.388" level="INFO">${result} = &lt;result object with rc 1&gt;</msg>
<status status="PASS" starttime="20201214 09:40:50.880" endtime="20201214 09:41:12.388"></status>
</kw>
<kw name="Should Be Empty" library="BuiltIn">
<doc>Verifies that the given item is empty.</doc>
<arguments>
<arg>${result.stderr}</arg>
<arg>msg=${result.stderr}</arg>
</arguments>
<msg timestamp="20201214 09:41:12.389" level="INFO">Length is 931</msg>
<msg timestamp="20201214 09:41:12.389" level="FAIL">Traceback (most recent call last):
  File "C:\Users\oliver.uhlar\Desktop\Projects\ping_vms\print_nic.py", line 24, in &lt;module&gt;
    vm_u.connect('192.168.56.2',port=22, username='oliveruhlar', password='', key_filename='w_rsa')
  File "C:\Users\oliver.uhlar\Desktop\Projects\ping_vms\.venv\lib\site-packages\paramiko\client.py", line 349, in connect
    retry_on_signal(lambda: sock.connect(addr))
  File "C:\Users\oliver.uhlar\Desktop\Projects\ping_vms\.venv\lib\site-packages\paramiko\util.py", line 283, in retry_on_signal
    return function()
  File "C:\Users\oliver.uhlar\Desktop\Projects\ping_vms\.venv\lib\site-packages\paramiko\client.py", line 349, in &lt;lambda&gt;
    retry_on_signal(lambda: sock.connect(addr))
TimeoutError: [WinError 10060] A connection attempt failed because the connected party did not properly respond after a period of time, or established connection failed because connected host has failed to respond</msg>
<status status="FAIL" starttime="20201214 09:41:12.388" endtime="20201214 09:41:12.389"></status>
</kw>
<status status="FAIL" starttime="20201214 09:40:50.879" endtime="20201214 09:41:12.390"></status>
</kw>
<kw name="Are booted">
<kw name="Run Process" library="Process">
<doc>Runs a process and waits for it to complete.</doc>
<arguments>
<arg>C:\\Users\\oliver.uhlar\\Desktop\\Projects\\ping_vms\\.venv\\Scripts\\python.exe</arg>
<arg>print_nic.py</arg>
<arg>runserver</arg>
</arguments>
<assign>
<var>${result}</var>
</assign>
<msg timestamp="20201214 09:41:22.394" level="INFO">Starting process:
C:\Users\oliver.uhlar\Desktop\Projects\ping_vms\.venv\Scripts\python.exe print_nic.py runserver</msg>
<msg timestamp="20201214 09:41:22.401" level="INFO">Waiting for process to complete.</msg>
<msg timestamp="20201214 09:41:43.933" level="INFO">Process completed.</msg>
<msg timestamp="20201214 09:41:43.933" level="INFO">${result} = &lt;result object with rc 1&gt;</msg>
<status status="PASS" starttime="20201214 09:41:22.393" endtime="20201214 09:41:43.934"></status>
</kw>
<kw name="Should Be Empty" library="BuiltIn">
<doc>Verifies that the given item is empty.</doc>
<arguments>
<arg>${result.stderr}</arg>
<arg>msg=${result.stderr}</arg>
</arguments>
<msg timestamp="20201214 09:41:43.934" level="INFO">Length is 931</msg>
<msg timestamp="20201214 09:41:43.934" level="FAIL">Traceback (most recent call last):
  File "C:\Users\oliver.uhlar\Desktop\Projects\ping_vms\print_nic.py", line 24, in &lt;module&gt;
    vm_u.connect('192.168.56.2',port=22, username='oliveruhlar', password='', key_filename='w_rsa')
  File "C:\Users\oliver.uhlar\Desktop\Projects\ping_vms\.venv\lib\site-packages\paramiko\client.py", line 349, in connect
    retry_on_signal(lambda: sock.connect(addr))
  File "C:\Users\oliver.uhlar\Desktop\Projects\ping_vms\.venv\lib\site-packages\paramiko\util.py", line 283, in retry_on_signal
    return function()
  File "C:\Users\oliver.uhlar\Desktop\Projects\ping_vms\.venv\lib\site-packages\paramiko\client.py", line 349, in &lt;lambda&gt;
    retry_on_signal(lambda: sock.connect(addr))
TimeoutError: [WinError 10060] A connection attempt failed because the connected party did not properly respond after a period of time, or established connection failed because connected host has failed to respond</msg>
<status status="FAIL" starttime="20201214 09:41:43.934" endtime="20201214 09:41:43.935"></status>
</kw>
<status status="FAIL" starttime="20201214 09:41:22.391" endtime="20201214 09:41:43.935"></status>
</kw>
<kw name="Are booted">
<kw name="Run Process" library="Process">
<doc>Runs a process and waits for it to complete.</doc>
<arguments>
<arg>C:\\Users\\oliver.uhlar\\Desktop\\Projects\\ping_vms\\.venv\\Scripts\\python.exe</arg>
<arg>print_nic.py</arg>
<arg>runserver</arg>
</arguments>
<assign>
<var>${result}</var>
</assign>
<msg timestamp="20201214 09:41:53.938" level="INFO">Starting process:
C:\Users\oliver.uhlar\Desktop\Projects\ping_vms\.venv\Scripts\python.exe print_nic.py runserver</msg>
<msg timestamp="20201214 09:41:53.946" level="INFO">Waiting for process to complete.</msg>
<msg timestamp="20201214 09:41:55.127" level="INFO">Process completed.</msg>
<msg timestamp="20201214 09:41:55.127" level="INFO">${result} = &lt;result object with rc 0&gt;</msg>
<status status="PASS" starttime="20201214 09:41:53.937" endtime="20201214 09:41:55.127"></status>
</kw>
<kw name="Should Be Empty" library="BuiltIn">
<doc>Verifies that the given item is empty.</doc>
<arguments>
<arg>${result.stderr}</arg>
<arg>msg=${result.stderr}</arg>
</arguments>
<msg timestamp="20201214 09:41:55.128" level="INFO">Length is 0</msg>
<status status="PASS" starttime="20201214 09:41:55.127" endtime="20201214 09:41:55.128"></status>
</kw>
<status status="PASS" starttime="20201214 09:41:53.935" endtime="20201214 09:41:55.128"></status>
</kw>
<status status="PASS" starttime="20201214 09:40:19.476" endtime="20201214 09:41:55.128"></status>
</kw>
<kw name="Run Process" library="Process">
<doc>Runs a process and waits for it to complete.</doc>
<arguments>
<arg>C:\\Users\\oliver.uhlar\\Desktop\\Projects\\ping_vms\\.venv\\Scripts\\python.exe</arg>
<arg>print_nic.py</arg>
<arg>runserver</arg>
</arguments>
<assign>
<var>${result}</var>
</assign>
<msg timestamp="20201214 09:41:55.129" level="INFO">Starting process:
C:\Users\oliver.uhlar\Desktop\Projects\ping_vms\.venv\Scripts\python.exe print_nic.py runserver</msg>
<msg timestamp="20201214 09:41:55.132" level="INFO">Waiting for process to complete.</msg>
<msg timestamp="20201214 09:41:56.088" level="INFO">Process completed.</msg>
<msg timestamp="20201214 09:41:56.088" level="INFO">${result} = &lt;result object with rc 0&gt;</msg>
<status status="PASS" starttime="20201214 09:41:55.129" endtime="20201214 09:41:56.088"></status>
</kw>
<kw name="Should Be Empty" library="BuiltIn">
<doc>Verifies that the given item is empty.</doc>
<arguments>
<arg>${result.stderr}</arg>
<arg>msg=${result.stderr}</arg>
</arguments>
<msg timestamp="20201214 09:41:56.089" level="INFO">Length is 0</msg>
<status status="PASS" starttime="20201214 09:41:56.089" endtime="20201214 09:41:56.089"></status>
</kw>
<kw name="Log" library="BuiltIn">
<doc>Logs the given message with the given level.</doc>
<arguments>
<arg>${result.stdout}</arg>
</arguments>
<msg timestamp="20201214 09:41:56.090" level="INFO">
 VM n1
+----------+--------------+
| NIC name |     IPv4     |
+----------+--------------+
|  enp0s3  |  10.0.2.15   |
|  enp0s8  | 192.168.56.2 |
+----------+--------------+

 VM n2
+----------+--------------+
| NIC name |     IPv4     |
+----------+--------------+
|  enp0s3  |  10.0.2.15   |
|  enp0s8  | 192.168.56.3 |
+----------+--------------+</msg>
<status status="PASS" starttime="20201214 09:41:56.090" endtime="20201214 09:41:56.090"></status>
</kw>
<status status="PASS" starttime="20201214 09:40:19.475" endtime="20201214 09:41:56.091" critical="yes"></status>
</test>
<test id="s1-t2" name="Ping VMs before setting NIC">
<kw name="Run Process" library="Process">
<doc>Runs a process and waits for it to complete.</doc>
<arguments>
<arg>C:\\Users\\oliver.uhlar\\Desktop\\Projects\\ping_vms\\.venv\\Scripts\\python.exe</arg>
<arg>try_ping.py</arg>
<arg>runserver</arg>
</arguments>
<assign>
<var>${result}</var>
</assign>
<msg timestamp="20201214 09:41:56.093" level="INFO">Starting process:
C:\Users\oliver.uhlar\Desktop\Projects\ping_vms\.venv\Scripts\python.exe try_ping.py runserver</msg>
<msg timestamp="20201214 09:41:56.095" level="INFO">Waiting for process to complete.</msg>
<msg timestamp="20201214 09:42:20.845" level="INFO">Process completed.</msg>
<msg timestamp="20201214 09:42:20.845" level="INFO">${result} = &lt;result object with rc 0&gt;</msg>
<status status="PASS" starttime="20201214 09:41:56.092" endtime="20201214 09:42:20.845"></status>
</kw>
<kw name="Should Be Empty" library="BuiltIn">
<doc>Verifies that the given item is empty.</doc>
<arguments>
<arg>${result.stderr}</arg>
<arg>msg=${result.stderr}</arg>
</arguments>
<msg timestamp="20201214 09:42:20.847" level="INFO">Length is 0</msg>
<status status="PASS" starttime="20201214 09:42:20.846" endtime="20201214 09:42:20.847"></status>
</kw>
<kw name="Should Contain" library="BuiltIn">
<doc>Fails if ``container`` does not contain ``item`` one or more times.</doc>
<arguments>
<arg>${result.stdout}</arg>
<arg>100% packet loss</arg>
</arguments>
<status status="PASS" starttime="20201214 09:42:20.848" endtime="20201214 09:42:20.848"></status>
</kw>
<kw name="Log" library="BuiltIn">
<doc>Logs the given message with the given level.</doc>
<arguments>
<arg>${result.stdout}</arg>
</arguments>
<msg timestamp="20201214 09:42:20.848" level="INFO">
 ping VM n1 -&gt; VM n2 

['PING 10.2.0.24 (10.2.0.24) 56(84) bytes of data.\n', '\n', '--- 10.2.0.24 ping statistics ---\n', '3 packets transmitted, 0 received, 100% packet loss, time 2058ms\n', '\n']

 ping VM n2 -&gt; VM n1 

['PING 10.2.0.23 (10.2.0.23) 56(84) bytes of data.\n', '\n', '--- 10.2.0.23 ping statistics ---\n', '3 packets transmitted, 0 received, 100% packet loss, time 2051ms\n', '\n']</msg>
<status status="PASS" starttime="20201214 09:42:20.848" endtime="20201214 09:42:20.848"></status>
</kw>
<status status="PASS" starttime="20201214 09:41:56.092" endtime="20201214 09:42:20.849" critical="yes"></status>
</test>
<test id="s1-t3" name="Set NIC">
<kw name="Run Process" library="Process">
<doc>Runs a process and waits for it to complete.</doc>
<arguments>
<arg>C:\\Users\\oliver.uhlar\\Desktop\\Projects\\ping_vms\\.venv\\Scripts\\python.exe</arg>
<arg>set_nic.py</arg>
<arg>runserver</arg>
</arguments>
<assign>
<var>${result}</var>
</assign>
<msg timestamp="20201214 09:42:20.851" level="INFO">Starting process:
C:\Users\oliver.uhlar\Desktop\Projects\ping_vms\.venv\Scripts\python.exe set_nic.py runserver</msg>
<msg timestamp="20201214 09:42:20.854" level="INFO">Waiting for process to complete.</msg>
<msg timestamp="20201214 09:42:24.702" level="INFO">Process completed.</msg>
<msg timestamp="20201214 09:42:24.702" level="INFO">${result} = &lt;result object with rc 0&gt;</msg>
<status status="PASS" starttime="20201214 09:42:20.851" endtime="20201214 09:42:24.702"></status>
</kw>
<kw name="Should Be Empty" library="BuiltIn">
<doc>Verifies that the given item is empty.</doc>
<arguments>
<arg>${result.stderr}</arg>
<arg>msg=${result.stderr}</arg>
</arguments>
<msg timestamp="20201214 09:42:24.703" level="INFO">Length is 0</msg>
<status status="PASS" starttime="20201214 09:42:24.703" endtime="20201214 09:42:24.704"></status>
</kw>
<kw name="Run Process" library="Process">
<doc>Runs a process and waits for it to complete.</doc>
<arguments>
<arg>C:\\Users\\oliver.uhlar\\Desktop\\Projects\\ping_vms\\.venv\\Scripts\\python.exe</arg>
<arg>print_nic.py</arg>
<arg>runserver</arg>
</arguments>
<assign>
<var>${ifconfig}</var>
</assign>
<msg timestamp="20201214 09:42:24.705" level="INFO">Starting process:
C:\Users\oliver.uhlar\Desktop\Projects\ping_vms\.venv\Scripts\python.exe print_nic.py runserver</msg>
<msg timestamp="20201214 09:42:24.708" level="INFO">Waiting for process to complete.</msg>
<msg timestamp="20201214 09:42:25.589" level="INFO">Process completed.</msg>
<msg timestamp="20201214 09:42:25.589" level="INFO">${ifconfig} = &lt;result object with rc 0&gt;</msg>
<status status="PASS" starttime="20201214 09:42:24.704" endtime="20201214 09:42:25.589"></status>
</kw>
<kw name="Should Contain X Times" library="BuiltIn">
<doc>Fails if ``container`` does not contain ``item`` ``count`` times.</doc>
<arguments>
<arg>${result.stdout}</arg>
<arg>successful</arg>
<arg>2</arg>
<arg>msg=Setting NIC was unsuccessful</arg>
</arguments>
<msg timestamp="20201214 09:42:25.591" level="INFO">Item found from container 2 times.</msg>
<status status="PASS" starttime="20201214 09:42:25.590" endtime="20201214 09:42:25.591"></status>
</kw>
<kw name="Should Contain X Times" library="BuiltIn">
<doc>Fails if ``container`` does not contain ``item`` ``count`` times.</doc>
<arguments>
<arg>${ifconfig.stdout}</arg>
<arg>enp0s9</arg>
<arg>2</arg>
<arg>msg=Setting NIC was unsuccessful</arg>
</arguments>
<msg timestamp="20201214 09:42:25.592" level="INFO">Item found from container 2 times.</msg>
<status status="PASS" starttime="20201214 09:42:25.591" endtime="20201214 09:42:25.592"></status>
</kw>
<kw name="Should Contain" library="BuiltIn">
<doc>Fails if ``container`` does not contain ``item`` one or more times.</doc>
<arguments>
<arg>${ifconfig.stdout}</arg>
<arg>10.2.0.23</arg>
<arg>msg=Setting NIC for VM n1 was unsuccessful</arg>
<arg>values=False</arg>
</arguments>
<status status="PASS" starttime="20201214 09:42:25.592" endtime="20201214 09:42:25.593"></status>
</kw>
<kw name="Should Contain" library="BuiltIn">
<doc>Fails if ``container`` does not contain ``item`` one or more times.</doc>
<arguments>
<arg>${ifconfig.stdout}</arg>
<arg>10.2.0.24</arg>
<arg>msg=Setting NIC for VM n2 was unsuccessful</arg>
<arg>values=False</arg>
</arguments>
<status status="PASS" starttime="20201214 09:42:25.593" endtime="20201214 09:42:25.594"></status>
</kw>
<kw name="Log" library="BuiltIn">
<doc>Logs the given message with the given level.</doc>
<arguments>
<arg>${result.stdout}</arg>
</arguments>
<msg timestamp="20201214 09:42:25.594" level="INFO">Setting NIC for VM n1 was successful
Setting NIC for VM n2 was successful</msg>
<status status="PASS" starttime="20201214 09:42:25.594" endtime="20201214 09:42:25.595"></status>
</kw>
<kw name="Log" library="BuiltIn">
<doc>Logs the given message with the given level.</doc>
<arguments>
<arg>${ifconfig.stdout}</arg>
</arguments>
<msg timestamp="20201214 09:42:25.595" level="INFO">
 VM n1
+----------+--------------+
| NIC name |     IPv4     |
+----------+--------------+
|  enp0s3  |  10.0.2.15   |
|  enp0s8  | 192.168.56.2 |
|  enp0s9  |  10.2.0.23   |
+----------+--------------+

 VM n2
+----------+--------------+
| NIC name |     IPv4     |
+----------+--------------+
|  enp0s3  |  10.0.2.15   |
|  enp0s8  | 192.168.56.3 |
|  enp0s9  |  10.2.0.24   |
+----------+--------------+</msg>
<status status="PASS" starttime="20201214 09:42:25.595" endtime="20201214 09:42:25.595"></status>
</kw>
<status status="PASS" starttime="20201214 09:42:20.851" endtime="20201214 09:42:25.595" critical="yes"></status>
</test>
<test id="s1-t4" name="Ping VMs after setting NIC">
<kw name="Run Process" library="Process">
<doc>Runs a process and waits for it to complete.</doc>
<arguments>
<arg>C:\\Users\\oliver.uhlar\\Desktop\\Projects\\ping_vms\\.venv\\Scripts\\python.exe</arg>
<arg>try_ping.py</arg>
<arg>runserver</arg>
</arguments>
<assign>
<var>${result}</var>
</assign>
<msg timestamp="20201214 09:42:25.599" level="INFO">Starting process:
C:\Users\oliver.uhlar\Desktop\Projects\ping_vms\.venv\Scripts\python.exe try_ping.py runserver</msg>
<msg timestamp="20201214 09:42:25.603" level="INFO">Waiting for process to complete.</msg>
<msg timestamp="20201214 09:42:30.248" level="INFO">Process completed.</msg>
<msg timestamp="20201214 09:42:30.248" level="INFO">${result} = &lt;result object with rc 0&gt;</msg>
<status status="PASS" starttime="20201214 09:42:25.598" endtime="20201214 09:42:30.248"></status>
</kw>
<kw name="Should Be Empty" library="BuiltIn">
<doc>Verifies that the given item is empty.</doc>
<arguments>
<arg>${result.stderr}</arg>
<arg>msg=${result.stderr}</arg>
</arguments>
<msg timestamp="20201214 09:42:30.249" level="INFO">Length is 0</msg>
<status status="PASS" starttime="20201214 09:42:30.249" endtime="20201214 09:42:30.249"></status>
</kw>
<kw name="Should Contain X Times" library="BuiltIn">
<doc>Fails if ``container`` does not contain ``item`` ``count`` times.</doc>
<arguments>
<arg>${result.stdout}</arg>
<arg>0% packet loss</arg>
<arg>2</arg>
<arg>msg=Ping successful</arg>
</arguments>
<msg timestamp="20201214 09:42:30.250" level="INFO">Item found from container 2 times.</msg>
<status status="PASS" starttime="20201214 09:42:30.250" endtime="20201214 09:42:30.250"></status>
</kw>
<kw name="Log" library="BuiltIn">
<doc>Logs the given message with the given level.</doc>
<arguments>
<arg>${result.stdout}</arg>
</arguments>
<msg timestamp="20201214 09:42:30.251" level="INFO">
 ping VM n1 -&gt; VM n2 

['PING 10.2.0.24 (10.2.0.24) 56(84) bytes of data.\n', '64 bytes from 10.2.0.24: icmp_seq=1 ttl=64 time=1.17 ms\n', '64 bytes from 10.2.0.24: icmp_seq=2 ttl=64 time=17.5 ms\n', '64 bytes from 10.2.0.24: icmp_seq=3 ttl=64 time=1.24 ms\n', '\n', '--- 10.2.0.24 ping statistics ---\n', '3 packets transmitted, 3 received, 0% packet loss, time 2005ms\n', 'rtt min/avg/max/mdev = 1.167/6.623/17.465/7.666 ms\n']

 ping VM n2 -&gt; VM n1 

['PING 10.2.0.23 (10.2.0.23) 56(84) bytes of data.\n', '64 bytes from 10.2.0.23: icmp_seq=1 ttl=64 time=1.06 ms\n', '64 bytes from 10.2.0.23: icmp_seq=2 ttl=64 time=0.857 ms\n', '64 bytes from 10.2.0.23: icmp_seq=3 ttl=64 time=0.989 ms\n', '\n', '--- 10.2.0.23 ping statistics ---\n', '3 packets transmitted, 3 received, 0% packet loss, time 2010ms\n', 'rtt min/avg/max/mdev = 0.857/0.970/1.064/0.085 ms\n']</msg>
<status status="PASS" starttime="20201214 09:42:30.251" endtime="20201214 09:42:30.251"></status>
</kw>
<status status="PASS" starttime="20201214 09:42:25.597" endtime="20201214 09:42:30.252" critical="yes"></status>
</test>
<test id="s1-t5" name="NIC config after setting NIC">
<kw name="Run Process" library="Process">
<doc>Runs a process and waits for it to complete.</doc>
<arguments>
<arg>C:\\Users\\oliver.uhlar\\Desktop\\Projects\\ping_vms\\.venv\\Scripts\\python.exe</arg>
<arg>print_nic.py</arg>
<arg>runserver</arg>
</arguments>
<assign>
<var>${result}</var>
</assign>
<msg timestamp="20201214 09:42:30.255" level="INFO">Starting process:
C:\Users\oliver.uhlar\Desktop\Projects\ping_vms\.venv\Scripts\python.exe print_nic.py runserver</msg>
<msg timestamp="20201214 09:42:30.258" level="INFO">Waiting for process to complete.</msg>
<msg timestamp="20201214 09:42:31.096" level="INFO">Process completed.</msg>
<msg timestamp="20201214 09:42:31.096" level="INFO">${result} = &lt;result object with rc 0&gt;</msg>
<status status="PASS" starttime="20201214 09:42:30.255" endtime="20201214 09:42:31.096"></status>
</kw>
<kw name="Should Be Empty" library="BuiltIn">
<doc>Verifies that the given item is empty.</doc>
<arguments>
<arg>${result.stderr}</arg>
<arg>msg=${result.stderr}</arg>
</arguments>
<msg timestamp="20201214 09:42:31.097" level="INFO">Length is 0</msg>
<status status="PASS" starttime="20201214 09:42:31.097" endtime="20201214 09:42:31.097"></status>
</kw>
<kw name="Log" library="BuiltIn">
<doc>Logs the given message with the given level.</doc>
<arguments>
<arg>${result.stdout}</arg>
</arguments>
<msg timestamp="20201214 09:42:31.098" level="INFO">
 VM n1
+----------+--------------+
| NIC name |     IPv4     |
+----------+--------------+
|  enp0s3  |  10.0.2.15   |
|  enp0s8  | 192.168.56.2 |
|  enp0s9  |  10.2.0.23   |
+----------+--------------+

 VM n2
+----------+--------------+
| NIC name |     IPv4     |
+----------+--------------+
|  enp0s3  |  10.0.2.15   |
|  enp0s8  | 192.168.56.3 |
|  enp0s9  |  10.2.0.24   |
+----------+--------------+</msg>
<status status="PASS" starttime="20201214 09:42:31.098" endtime="20201214 09:42:31.098"></status>
</kw>
<status status="PASS" starttime="20201214 09:42:30.254" endtime="20201214 09:42:31.099" critical="yes"></status>
</test>
<kw name="Teardown vms" type="teardown">
<kw name="Start Process" library="Process">
<doc>Starts a new process on background.</doc>
<arguments>
<arg>C:\\Program Files\\Oracle\\VirtualBox\\VBoxManage.exe</arg>
<arg>controlvm</arg>
<arg>ubuntu_1</arg>
<arg>poweroff</arg>
</arguments>
<msg timestamp="20201214 09:42:31.104" level="INFO">Starting process:
"C:\Program Files\Oracle\VirtualBox\VBoxManage.exe" controlvm ubuntu_1 poweroff</msg>
<status status="PASS" starttime="20201214 09:42:31.104" endtime="20201214 09:42:31.107"></status>
</kw>
<kw name="Start Process" library="Process">
<doc>Starts a new process on background.</doc>
<arguments>
<arg>C:\\Program Files\\Oracle\\VirtualBox\\VBoxManage.exe</arg>
<arg>controlvm</arg>
<arg>ubuntu_2</arg>
<arg>poweroff</arg>
</arguments>
<msg timestamp="20201214 09:42:31.108" level="INFO">Starting process:
"C:\Program Files\Oracle\VirtualBox\VBoxManage.exe" controlvm ubuntu_2 poweroff</msg>
<status status="PASS" starttime="20201214 09:42:31.107" endtime="20201214 09:42:31.110"></status>
</kw>
<status status="PASS" starttime="20201214 09:42:31.103" endtime="20201214 09:42:31.110"></status>
</kw>
<status status="PASS" starttime="20201214 09:40:19.422" endtime="20201214 09:42:31.110"></status>
</suite>
<statistics>
<total>
<stat pass="5" fail="0">Critical Tests</stat>
<stat pass="5" fail="0">All Tests</stat>
</total>
<tag>
</tag>
<suite>
<stat pass="5" fail="0" id="s1" name="Rf Test Cases">Rf Test Cases</stat>
</suite>
</statistics>
<errors>
</errors>
</robot>
