<?xml version="1.0" encoding="UTF-8"?>
<robot generator="Robot 3.2.2 (Python 3.9.0 on win32)" generated="20201209 07:31:48.835" rpa="false">
<suite id="s1" name="Rf Test Cases" source="C:\Users\oliver.uhlar\Desktop\Projects\ping_vms\rf_test_cases.robot">
<kw name="Start vms" type="setup">
<kw name="Start Process" library="Process">
<doc>Starts a new process on background.</doc>
<arguments>
<arg>C:\\Program Files\\Oracle\\VirtualBox\\VirtualBoxVM.exe</arg>
<arg>--comment</arg>
<arg>ubuntu_1</arg>
<arg>--startvm</arg>
<arg>{c0382caa-6ce6-4fd3-aab4-77ea96bff7f7}</arg>
<arg>alias=vm1</arg>
</arguments>
<msg timestamp="20201209 07:31:48.878" level="INFO">Starting process:
"C:\Program Files\Oracle\VirtualBox\VirtualBoxVM.exe" --comment ubuntu_1 --startvm {c0382caa-6ce6-4fd3-aab4-77ea96bff7f7}</msg>
<status status="PASS" starttime="20201209 07:31:48.877" endtime="20201209 07:31:48.879"></status>
</kw>
<kw name="Start Process" library="Process">
<doc>Starts a new process on background.</doc>
<arguments>
<arg>C:\\Program Files\\Oracle\\VirtualBox\\VirtualBoxVM.exe</arg>
<arg>--comment</arg>
<arg>ubuntu_2</arg>
<arg>--startvm</arg>
<arg>{dbe30ee1-7145-48e6-9a9a-2a7c6b910257}</arg>
<arg>alias=vm2</arg>
</arguments>
<msg timestamp="20201209 07:31:48.880" level="INFO">Starting process:
"C:\Program Files\Oracle\VirtualBox\VirtualBoxVM.exe" --comment ubuntu_2 --startvm {dbe30ee1-7145-48e6-9a9a-2a7c6b910257}</msg>
<status status="PASS" starttime="20201209 07:31:48.879" endtime="20201209 07:31:48.882"></status>
</kw>
<status status="PASS" starttime="20201209 07:31:48.876" endtime="20201209 07:31:48.882"></status>
</kw>
<test id="s1-t1" name="NIC config before setting NIC">
<kw name="Sleep" library="BuiltIn">
<doc>Pauses the test executed for the given time.</doc>
<arguments>
<arg>50s</arg>
<arg>Waiting for Vms to boot up.</arg>
</arguments>
<msg timestamp="20201209 07:32:38.884" level="INFO">Slept 50 seconds</msg>
<msg timestamp="20201209 07:32:38.884" level="INFO">Waiting for Vms to boot up.</msg>
<status status="PASS" starttime="20201209 07:31:48.883" endtime="20201209 07:32:38.884"></status>
</kw>
<kw name="Run Process" library="Process">
<doc>Runs a process and waits for it to complete.</doc>
<arguments>
<arg>C:\\Users\\oliver.uhlar\\Desktop\\Projects\\ping_vms\\.venv\\Scripts\\python.exe</arg>
<arg>print_nic.py</arg>
<arg>runserver</arg>
</arguments>
<assign>
<var>${result}</var>
</assign>
<msg timestamp="20201209 07:32:38.887" level="INFO">Starting process:
C:\Users\oliver.uhlar\Desktop\Projects\ping_vms\.venv\Scripts\python.exe print_nic.py runserver</msg>
<msg timestamp="20201209 07:32:38.891" level="INFO">Waiting for process to complete.</msg>
<msg timestamp="20201209 07:32:39.552" level="INFO">Process completed.</msg>
<msg timestamp="20201209 07:32:39.552" level="INFO">${result} = &lt;result object with rc 0&gt;</msg>
<status status="PASS" starttime="20201209 07:32:38.886" endtime="20201209 07:32:39.552"></status>
</kw>
<kw name="Should Be Empty" library="BuiltIn">
<doc>Verifies that the given item is empty.</doc>
<arguments>
<arg>${result.stderr}</arg>
<arg>msg=${result.stderr}</arg>
</arguments>
<msg timestamp="20201209 07:32:39.554" level="INFO">Length is 0</msg>
<status status="PASS" starttime="20201209 07:32:39.552" endtime="20201209 07:32:39.555"></status>
</kw>
<kw name="Log" library="BuiltIn">
<doc>Logs the given message with the given level.</doc>
<arguments>
<arg>${result.stdout}</arg>
</arguments>
<msg timestamp="20201209 07:32:39.556" level="INFO">
 VM n1
+--------------+--------+
|   NIC name   |  IPv4  |
+--------------+--------+
|  10.0.2.15   | enp0s3 |
| 192.168.56.2 | enp0s8 |
+--------------+--------+

 VM n2
+--------------+--------+
|   NIC name   |  IPv4  |
+--------------+--------+
|  10.0.2.15   | enp0s3 |
| 192.168.56.3 | enp0s8 |
+--------------+--------+</msg>
<status status="PASS" starttime="20201209 07:32:39.555" endtime="20201209 07:32:39.556"></status>
</kw>
<status status="PASS" starttime="20201209 07:31:48.882" endtime="20201209 07:32:39.557" critical="yes"></status>
</test>
<test id="s1-t2" name="Ping VMs before setting NIC">
<kw name="Run Process" library="Process">
<doc>Runs a process and waits for it to complete.</doc>
<arguments>
<arg>C:\\Users\\oliver.uhlar\\Desktop\\Projects\\ping_vms\\.venv\\Scripts\\python.exe</arg>
<arg>try_ping.py</arg>
<arg>runserver</arg>
</arguments>
<assign>
<var>${result}</var>
</assign>
<msg timestamp="20201209 07:32:39.562" level="INFO">Starting process:
C:\Users\oliver.uhlar\Desktop\Projects\ping_vms\.venv\Scripts\python.exe try_ping.py runserver</msg>
<msg timestamp="20201209 07:32:39.564" level="INFO">Waiting for process to complete.</msg>
<msg timestamp="20201209 07:32:55.104" level="INFO">Process completed.</msg>
<msg timestamp="20201209 07:32:55.104" level="INFO">${result} = &lt;result object with rc 0&gt;</msg>
<status status="PASS" starttime="20201209 07:32:39.561" endtime="20201209 07:32:55.105"></status>
</kw>
<kw name="Should Be Empty" library="BuiltIn">
<doc>Verifies that the given item is empty.</doc>
<arguments>
<arg>${result.stderr}</arg>
<arg>msg=${result.stderr}</arg>
</arguments>
<msg timestamp="20201209 07:32:55.106" level="INFO">Length is 0</msg>
<status status="PASS" starttime="20201209 07:32:55.105" endtime="20201209 07:32:55.106"></status>
</kw>
<kw name="Should Contain" library="BuiltIn">
<doc>Fails if ``container`` does not contain ``item`` one or more times.</doc>
<arguments>
<arg>${result.stdout}</arg>
<arg>100% packet loss</arg>
</arguments>
<status status="PASS" starttime="20201209 07:32:55.106" endtime="20201209 07:32:55.106"></status>
</kw>
<kw name="Log" library="BuiltIn">
<doc>Logs the given message with the given level.</doc>
<arguments>
<arg>${result.stdout}</arg>
</arguments>
<msg timestamp="20201209 07:32:55.107" level="INFO">
 ping VM n1 -&gt; VM n2 

['PING 10.2.0.24 (10.2.0.24) 56(84) bytes of data.\n', '\n', '--- 10.2.0.24 ping statistics ---\n', '3 packets transmitted, 0 received, 100% packet loss, time 2044ms\n', '\n']

 ping VM n2 -&gt; VM n1 

['PING 10.2.0.23 (10.2.0.23) 56(84) bytes of data.\n', 'From 93.184.71.54 icmp_seq=1 Destination Host Unreachable\n', 'From 93.184.71.54 icmp_seq=2 Destination Host Unreachable\n', 'From 93.184.71.54 icmp_seq=3 Destination Host Unreachable\n', '\n', '--- 10.2.0.23 ping statistics ---\n', '3 packets transmitted, 0 received, +3 errors, 100% packet loss, time 2172ms\n', 'pipe 3\n']</msg>
<status status="PASS" starttime="20201209 07:32:55.107" endtime="20201209 07:32:55.107"></status>
</kw>
<status status="PASS" starttime="20201209 07:32:39.560" endtime="20201209 07:32:55.108" critical="yes"></status>
</test>
<test id="s1-t3" name="Set NIC">
<kw name="Run Process" library="Process">
<doc>Runs a process and waits for it to complete.</doc>
<arguments>
<arg>C:\\Users\\oliver.uhlar\\Desktop\\Projects\\ping_vms\\.venv\\Scripts\\python.exe</arg>
<arg>set_nic.py</arg>
<arg>runserver</arg>
</arguments>
<assign>
<var>${result}</var>
</assign>
<msg timestamp="20201209 07:32:55.112" level="INFO">Starting process:
C:\Users\oliver.uhlar\Desktop\Projects\ping_vms\.venv\Scripts\python.exe set_nic.py runserver</msg>
<msg timestamp="20201209 07:32:55.116" level="INFO">Waiting for process to complete.</msg>
<msg timestamp="20201209 07:32:58.651" level="INFO">Process completed.</msg>
<msg timestamp="20201209 07:32:58.651" level="INFO">${result} = &lt;result object with rc 0&gt;</msg>
<status status="PASS" starttime="20201209 07:32:55.111" endtime="20201209 07:32:58.651"></status>
</kw>
<kw name="Should Be Empty" library="BuiltIn">
<doc>Verifies that the given item is empty.</doc>
<arguments>
<arg>${result.stderr}</arg>
<arg>msg=${result.stderr}</arg>
</arguments>
<msg timestamp="20201209 07:32:58.654" level="INFO">Length is 0</msg>
<status status="PASS" starttime="20201209 07:32:58.652" endtime="20201209 07:32:58.654"></status>
</kw>
<kw name="Run Process" library="Process">
<doc>Runs a process and waits for it to complete.</doc>
<arguments>
<arg>C:\\Users\\oliver.uhlar\\Desktop\\Projects\\ping_vms\\.venv\\Scripts\\python.exe</arg>
<arg>print_nic.py</arg>
<arg>runserver</arg>
</arguments>
<assign>
<var>${ifconfig}</var>
</assign>
<msg timestamp="20201209 07:32:58.656" level="INFO">Starting process:
C:\Users\oliver.uhlar\Desktop\Projects\ping_vms\.venv\Scripts\python.exe print_nic.py runserver</msg>
<msg timestamp="20201209 07:32:58.660" level="INFO">Waiting for process to complete.</msg>
<msg timestamp="20201209 07:32:59.201" level="INFO">Process completed.</msg>
<msg timestamp="20201209 07:32:59.201" level="INFO">${ifconfig} = &lt;result object with rc 0&gt;</msg>
<status status="PASS" starttime="20201209 07:32:58.655" endtime="20201209 07:32:59.201"></status>
</kw>
<kw name="Should Contain X Times" library="BuiltIn">
<doc>Fails if ``container`` does not contain ``item`` ``count`` times.</doc>
<arguments>
<arg>${result.stdout}</arg>
<arg>successful</arg>
<arg>2</arg>
<arg>msg=Setting NIC was unsuccessful</arg>
</arguments>
<msg timestamp="20201209 07:32:59.203" level="INFO">Item found from container 2 times.</msg>
<status status="PASS" starttime="20201209 07:32:59.202" endtime="20201209 07:32:59.203"></status>
</kw>
<kw name="Should Contain X Times" library="BuiltIn">
<doc>Fails if ``container`` does not contain ``item`` ``count`` times.</doc>
<arguments>
<arg>${ifconfig.stdout}</arg>
<arg>enp0s9</arg>
<arg>2</arg>
<arg>msg=Setting NIC was unsuccessful</arg>
</arguments>
<msg timestamp="20201209 07:32:59.204" level="INFO">Item found from container 2 times.</msg>
<status status="PASS" starttime="20201209 07:32:59.203" endtime="20201209 07:32:59.204"></status>
</kw>
<kw name="Should Contain" library="BuiltIn">
<doc>Fails if ``container`` does not contain ``item`` one or more times.</doc>
<arguments>
<arg>${ifconfig.stdout}</arg>
<arg>10.2.0.23</arg>
<arg>msg=Setting NIC for VM n1 was unsuccessful</arg>
<arg>values=False</arg>
</arguments>
<status status="PASS" starttime="20201209 07:32:59.204" endtime="20201209 07:32:59.205"></status>
</kw>
<kw name="Should Contain" library="BuiltIn">
<doc>Fails if ``container`` does not contain ``item`` one or more times.</doc>
<arguments>
<arg>${ifconfig.stdout}</arg>
<arg>10.2.0.24</arg>
<arg>msg=Setting NIC for VM n2 was unsuccessful</arg>
<arg>values=False</arg>
</arguments>
<status status="PASS" starttime="20201209 07:32:59.205" endtime="20201209 07:32:59.205"></status>
</kw>
<kw name="Log" library="BuiltIn">
<doc>Logs the given message with the given level.</doc>
<arguments>
<arg>${result.stdout}</arg>
</arguments>
<msg timestamp="20201209 07:32:59.206" level="INFO">Setting NIC for VM n1 was successful
Setting NIC for VM n2 was successful</msg>
<status status="PASS" starttime="20201209 07:32:59.206" endtime="20201209 07:32:59.206"></status>
</kw>
<kw name="Log" library="BuiltIn">
<doc>Logs the given message with the given level.</doc>
<arguments>
<arg>${ifconfig.stdout}</arg>
</arguments>
<msg timestamp="20201209 07:32:59.207" level="INFO">
 VM n1
+--------------+--------+
|   NIC name   |  IPv4  |
+--------------+--------+
|  10.0.2.15   | enp0s3 |
| 192.168.56.2 | enp0s8 |
|  10.2.0.23   | enp0s9 |
+--------------+--------+

 VM n2
+--------------+--------+
|   NIC name   |  IPv4  |
+--------------+--------+
|  10.0.2.15   | enp0s3 |
| 192.168.56.3 | enp0s8 |
|  10.2.0.24   | enp0s9 |
+--------------+--------+</msg>
<status status="PASS" starttime="20201209 07:32:59.206" endtime="20201209 07:32:59.207"></status>
</kw>
<status status="PASS" starttime="20201209 07:32:55.110" endtime="20201209 07:32:59.207" critical="yes"></status>
</test>
<test id="s1-t4" name="Ping VMs after setting NIC">
<kw name="Run Process" library="Process">
<doc>Runs a process and waits for it to complete.</doc>
<arguments>
<arg>C:\\Users\\oliver.uhlar\\Desktop\\Projects\\ping_vms\\.venv\\Scripts\\python.exe</arg>
<arg>try_ping.py</arg>
<arg>runserver</arg>
</arguments>
<assign>
<var>${result}</var>
</assign>
<msg timestamp="20201209 07:32:59.210" level="INFO">Starting process:
C:\Users\oliver.uhlar\Desktop\Projects\ping_vms\.venv\Scripts\python.exe try_ping.py runserver</msg>
<msg timestamp="20201209 07:32:59.212" level="INFO">Waiting for process to complete.</msg>
<msg timestamp="20201209 07:33:03.724" level="INFO">Process completed.</msg>
<msg timestamp="20201209 07:33:03.725" level="INFO">${result} = &lt;result object with rc 0&gt;</msg>
<status status="PASS" starttime="20201209 07:32:59.209" endtime="20201209 07:33:03.725"></status>
</kw>
<kw name="Should Be Empty" library="BuiltIn">
<doc>Verifies that the given item is empty.</doc>
<arguments>
<arg>${result.stderr}</arg>
<arg>msg=${result.stderr}</arg>
</arguments>
<msg timestamp="20201209 07:33:03.726" level="INFO">Length is 0</msg>
<status status="PASS" starttime="20201209 07:33:03.725" endtime="20201209 07:33:03.726"></status>
</kw>
<kw name="Should Contain X Times" library="BuiltIn">
<doc>Fails if ``container`` does not contain ``item`` ``count`` times.</doc>
<arguments>
<arg>${result.stdout}</arg>
<arg>0% packet loss</arg>
<arg>2</arg>
<arg>msg=Setting NIC was unsuccessful</arg>
</arguments>
<msg timestamp="20201209 07:33:03.726" level="INFO">Item found from container 2 times.</msg>
<status status="PASS" starttime="20201209 07:33:03.726" endtime="20201209 07:33:03.727"></status>
</kw>
<kw name="Log" library="BuiltIn">
<doc>Logs the given message with the given level.</doc>
<arguments>
<arg>${result.stdout}</arg>
</arguments>
<msg timestamp="20201209 07:33:03.727" level="INFO">
 ping VM n1 -&gt; VM n2 

['PING 10.2.0.24 (10.2.0.24) 56(84) bytes of data.\n', '64 bytes from 10.2.0.24: icmp_seq=1 ttl=64 time=1.51 ms\n', '64 bytes from 10.2.0.24: icmp_seq=2 ttl=64 time=0.692 ms\n', '64 bytes from 10.2.0.24: icmp_seq=3 ttl=64 time=0.543 ms\n', '\n', '--- 10.2.0.24 ping statistics ---\n', '3 packets transmitted, 3 received, 0% packet loss, time 2027ms\n', 'rtt min/avg/max/mdev = 0.543/0.916/1.514/0.426 ms\n']

 ping VM n2 -&gt; VM n1 

['PING 10.2.0.23 (10.2.0.23) 56(84) bytes of data.\n', '64 bytes from 10.2.0.23: icmp_seq=1 ttl=64 time=0.388 ms\n', '64 bytes from 10.2.0.23: icmp_seq=2 ttl=64 time=1.04 ms\n', '64 bytes from 10.2.0.23: icmp_seq=3 ttl=64 time=0.815 ms\n', '\n', '--- 10.2.0.23 ping statistics ---\n', '3 packets transmitted, 3 received, 0% packet loss, time 2009ms\n', 'rtt min/avg/max/mdev = 0.388/0.746/1.035/0.268 ms\n']</msg>
<status status="PASS" starttime="20201209 07:33:03.727" endtime="20201209 07:33:03.727"></status>
</kw>
<status status="PASS" starttime="20201209 07:32:59.209" endtime="20201209 07:33:03.728" critical="yes"></status>
</test>
<test id="s1-t5" name="NIC config after setting NIC">
<kw name="Run Process" library="Process">
<doc>Runs a process and waits for it to complete.</doc>
<arguments>
<arg>C:\\Users\\oliver.uhlar\\Desktop\\Projects\\ping_vms\\.venv\\Scripts\\python.exe</arg>
<arg>print_nic.py</arg>
<arg>runserver</arg>
</arguments>
<assign>
<var>${result}</var>
</assign>
<msg timestamp="20201209 07:33:03.732" level="INFO">Starting process:
C:\Users\oliver.uhlar\Desktop\Projects\ping_vms\.venv\Scripts\python.exe print_nic.py runserver</msg>
<msg timestamp="20201209 07:33:03.734" level="INFO">Waiting for process to complete.</msg>
<msg timestamp="20201209 07:33:04.313" level="INFO">Process completed.</msg>
<msg timestamp="20201209 07:33:04.313" level="INFO">${result} = &lt;result object with rc 0&gt;</msg>
<status status="PASS" starttime="20201209 07:33:03.732" endtime="20201209 07:33:04.313"></status>
</kw>
<kw name="Should Be Empty" library="BuiltIn">
<doc>Verifies that the given item is empty.</doc>
<arguments>
<arg>${result.stderr}</arg>
<arg>msg=${result.stderr}</arg>
</arguments>
<msg timestamp="20201209 07:33:04.315" level="INFO">Length is 0</msg>
<status status="PASS" starttime="20201209 07:33:04.314" endtime="20201209 07:33:04.315"></status>
</kw>
<kw name="Log" library="BuiltIn">
<doc>Logs the given message with the given level.</doc>
<arguments>
<arg>${result.stdout}</arg>
</arguments>
<msg timestamp="20201209 07:33:04.315" level="INFO">
 VM n1
+--------------+--------+
|   NIC name   |  IPv4  |
+--------------+--------+
|  10.0.2.15   | enp0s3 |
| 192.168.56.2 | enp0s8 |
|  10.2.0.23   | enp0s9 |
+--------------+--------+

 VM n2
+--------------+--------+
|   NIC name   |  IPv4  |
+--------------+--------+
|  10.0.2.15   | enp0s3 |
| 192.168.56.3 | enp0s8 |
|  10.2.0.24   | enp0s9 |
+--------------+--------+</msg>
<status status="PASS" starttime="20201209 07:33:04.315" endtime="20201209 07:33:04.316"></status>
</kw>
<status status="PASS" starttime="20201209 07:33:03.731" endtime="20201209 07:33:04.316" critical="yes"></status>
</test>
<kw name="Teardown vms" type="teardown">
<kw name="Terminate Process" library="Process">
<doc>Stops the process gracefully or forcefully.</doc>
<arguments>
<arg>vm1</arg>
<arg>kill=true</arg>
</arguments>
<msg timestamp="20201209 07:33:04.327" level="INFO">Forcefully killing process.</msg>
<msg timestamp="20201209 07:33:04.578" level="INFO">Process completed.</msg>
<status status="PASS" starttime="20201209 07:33:04.327" endtime="20201209 07:33:04.579"></status>
</kw>
<kw name="Terminate Process" library="Process">
<doc>Stops the process gracefully or forcefully.</doc>
<arguments>
<arg>vm2</arg>
<arg>kill=true</arg>
</arguments>
<msg timestamp="20201209 07:33:04.581" level="INFO">Forcefully killing process.</msg>
<msg timestamp="20201209 07:33:04.785" level="INFO">Process completed.</msg>
<status status="PASS" starttime="20201209 07:33:04.580" endtime="20201209 07:33:04.786"></status>
</kw>
<status status="PASS" starttime="20201209 07:33:04.326" endtime="20201209 07:33:04.786"></status>
</kw>
<status status="PASS" starttime="20201209 07:31:48.835" endtime="20201209 07:33:04.786"></status>
</suite>
<statistics>
<total>
<stat pass="5" fail="0">Critical Tests</stat>
<stat pass="5" fail="0">All Tests</stat>
</total>
<tag>
</tag>
<suite>
<stat pass="5" fail="0" id="s1" name="Rf Test Cases">Rf Test Cases</stat>
</suite>
</statistics>
<errors>
</errors>
</robot>
