<?xml version="1.0" encoding="UTF-8"?>
<robot generator="Robot 3.2.2 (Python 3.9.0 on win32)" generated="20201207 07:57:08.363" rpa="false">
<suite id="s1" name="Rf Test Cases" source="C:\Users\oliver.uhlar\Desktop\Projects\ping_vms\rf_test_cases.robot">
<kw name="Start vms" type="setup">
<kw name="Start Process" library="Process">
<doc>Starts a new process on background.</doc>
<arguments>
<arg>C:\\Program Files\\Oracle\\VirtualBox\\VirtualBoxVM.exe</arg>
<arg>--comment</arg>
<arg>ubuntu_1</arg>
<arg>--startvm</arg>
<arg>{c0382caa-6ce6-4fd3-aab4-77ea96bff7f7}</arg>
<arg>alias=vm1</arg>
</arguments>
<msg timestamp="20201207 07:57:08.398" level="INFO">Starting process:
"C:\Program Files\Oracle\VirtualBox\VirtualBoxVM.exe" --comment ubuntu_1 --startvm {c0382caa-6ce6-4fd3-aab4-77ea96bff7f7}</msg>
<status status="PASS" starttime="20201207 07:57:08.398" endtime="20201207 07:57:08.401"></status>
</kw>
<kw name="Start Process" library="Process">
<doc>Starts a new process on background.</doc>
<arguments>
<arg>C:\\Program Files\\Oracle\\VirtualBox\\VirtualBoxVM.exe</arg>
<arg>--comment</arg>
<arg>ubuntu_2</arg>
<arg>--startvm</arg>
<arg>{dbe30ee1-7145-48e6-9a9a-2a7c6b910257}</arg>
<arg>alias=vm2</arg>
</arguments>
<msg timestamp="20201207 07:57:08.401" level="INFO">Starting process:
"C:\Program Files\Oracle\VirtualBox\VirtualBoxVM.exe" --comment ubuntu_2 --startvm {dbe30ee1-7145-48e6-9a9a-2a7c6b910257}</msg>
<status status="PASS" starttime="20201207 07:57:08.401" endtime="20201207 07:57:08.403"></status>
</kw>
<status status="PASS" starttime="20201207 07:57:08.398" endtime="20201207 07:57:08.404"></status>
</kw>
<test id="s1-t1" name="NIC config before setting NIC">
<kw name="Sleep" library="BuiltIn">
<doc>Pauses the test executed for the given time.</doc>
<arguments>
<arg>40s</arg>
<arg>Waiting for Vms to boot up.</arg>
</arguments>
<msg timestamp="20201207 07:57:48.407" level="INFO">Slept 40 seconds</msg>
<msg timestamp="20201207 07:57:48.407" level="INFO">Waiting for Vms to boot up.</msg>
<status status="PASS" starttime="20201207 07:57:08.405" endtime="20201207 07:57:48.407"></status>
</kw>
<kw name="Run Process" library="Process">
<doc>Runs a process and waits for it to complete.</doc>
<arguments>
<arg>C:\\Users\\oliver.uhlar\\Desktop\\Projects\\ping_vms\\.venv\\Scripts\\python.exe</arg>
<arg>print_nic.py</arg>
<arg>runserver</arg>
</arguments>
<assign>
<var>${result}</var>
</assign>
<msg timestamp="20201207 07:57:48.408" level="INFO">Starting process:
C:\Users\oliver.uhlar\Desktop\Projects\ping_vms\.venv\Scripts\python.exe print_nic.py runserver</msg>
<msg timestamp="20201207 07:57:48.410" level="INFO">Waiting for process to complete.</msg>
<msg timestamp="20201207 07:57:49.010" level="INFO">Process completed.</msg>
<msg timestamp="20201207 07:57:49.010" level="INFO">${result} = &lt;result object with rc 0&gt;</msg>
<status status="PASS" starttime="20201207 07:57:48.408" endtime="20201207 07:57:49.010"></status>
</kw>
<kw name="Should Be Empty" library="BuiltIn">
<doc>Verifies that the given item is empty.</doc>
<arguments>
<arg>${result.stderr}</arg>
<arg>msg=${result.stderr}</arg>
</arguments>
<msg timestamp="20201207 07:57:49.011" level="INFO">Length is 0</msg>
<status status="PASS" starttime="20201207 07:57:49.011" endtime="20201207 07:57:49.011"></status>
</kw>
<kw name="Log" library="BuiltIn">
<doc>Logs the given message with the given level.</doc>
<arguments>
<arg>${result.stdout}</arg>
</arguments>
<msg timestamp="20201207 07:57:49.012" level="INFO">
 VM n1
+--------------+--------+
|   NIC name   |  IPv4  |
+--------------+--------+
|  10.0.2.15   | enp0s3 |
| 192.168.56.2 | enp0s8 |
+--------------+--------+

 VM n2
+--------------+--------+
|   NIC name   |  IPv4  |
+--------------+--------+
|  10.0.2.15   | enp0s3 |
| 192.168.56.3 | enp0s8 |
+--------------+--------+</msg>
<status status="PASS" starttime="20201207 07:57:49.012" endtime="20201207 07:57:49.012"></status>
</kw>
<status status="PASS" starttime="20201207 07:57:08.404" endtime="20201207 07:57:49.012" critical="yes"></status>
</test>
<test id="s1-t2" name="Ping VMs before setting NIC">
<kw name="Run Process" library="Process">
<doc>Runs a process and waits for it to complete.</doc>
<arguments>
<arg>C:\\Users\\oliver.uhlar\\Desktop\\Projects\\ping_vms\\.venv\\Scripts\\python.exe</arg>
<arg>try_ping.py</arg>
<arg>runserver</arg>
</arguments>
<assign>
<var>${result}</var>
</assign>
<msg timestamp="20201207 07:57:49.014" level="INFO">Starting process:
C:\Users\oliver.uhlar\Desktop\Projects\ping_vms\.venv\Scripts\python.exe try_ping.py runserver</msg>
<msg timestamp="20201207 07:57:49.017" level="INFO">Waiting for process to complete.</msg>
<msg timestamp="20201207 07:58:13.576" level="INFO">Process completed.</msg>
<msg timestamp="20201207 07:58:13.576" level="INFO">${result} = &lt;result object with rc 0&gt;</msg>
<status status="PASS" starttime="20201207 07:57:49.014" endtime="20201207 07:58:13.576"></status>
</kw>
<kw name="Should Be Empty" library="BuiltIn">
<doc>Verifies that the given item is empty.</doc>
<arguments>
<arg>${result.stderr}</arg>
<arg>msg=${result.stderr}</arg>
</arguments>
<msg timestamp="20201207 07:58:13.577" level="INFO">Length is 0</msg>
<status status="PASS" starttime="20201207 07:58:13.577" endtime="20201207 07:58:13.577"></status>
</kw>
<kw name="Should Contain" library="BuiltIn">
<doc>Fails if ``container`` does not contain ``item`` one or more times.</doc>
<arguments>
<arg>${result.stdout}</arg>
<arg>100% packet loss</arg>
</arguments>
<status status="PASS" starttime="20201207 07:58:13.578" endtime="20201207 07:58:13.578"></status>
</kw>
<kw name="Log" library="BuiltIn">
<doc>Logs the given message with the given level.</doc>
<arguments>
<arg>${result.stdout}</arg>
</arguments>
<msg timestamp="20201207 07:58:13.579" level="INFO">ping VM n1 -&gt; VM n2 

['PING 10.2.0.23 (10.2.0.23) 56(84) bytes of data.\n', '\n', '--- 10.2.0.23 ping statistics ---\n', '3 packets transmitted, 0 received, 100% packet loss, time 2054ms\n', '\n']
ping VM n2 -&gt; VM n1
['PING 10.2.0.22 (10.2.0.22) 56(84) bytes of data.\n', '\n', '--- 10.2.0.22 ping statistics ---\n', '3 packets transmitted, 0 received, 100% packet loss, time 2031ms\n', '\n']</msg>
<status status="PASS" starttime="20201207 07:58:13.578" endtime="20201207 07:58:13.579"></status>
</kw>
<status status="PASS" starttime="20201207 07:57:49.013" endtime="20201207 07:58:13.579" critical="yes"></status>
</test>
<test id="s1-t3" name="Set NIC">
<kw name="Run Process" library="Process">
<doc>Runs a process and waits for it to complete.</doc>
<arguments>
<arg>C:\\Users\\oliver.uhlar\\Desktop\\Projects\\ping_vms\\.venv\\Scripts\\python.exe</arg>
<arg>set_nic.py</arg>
<arg>runserver</arg>
</arguments>
<assign>
<var>${result}</var>
</assign>
<msg timestamp="20201207 07:58:13.580" level="INFO">Starting process:
C:\Users\oliver.uhlar\Desktop\Projects\ping_vms\.venv\Scripts\python.exe set_nic.py runserver</msg>
<msg timestamp="20201207 07:58:13.583" level="INFO">Waiting for process to complete.</msg>
<msg timestamp="20201207 07:58:17.450" level="INFO">Process completed.</msg>
<msg timestamp="20201207 07:58:17.451" level="INFO">${result} = &lt;result object with rc 0&gt;</msg>
<status status="PASS" starttime="20201207 07:58:13.580" endtime="20201207 07:58:17.451"></status>
</kw>
<kw name="Should Be Empty" library="BuiltIn">
<doc>Verifies that the given item is empty.</doc>
<arguments>
<arg>${result.stderr}</arg>
<arg>msg=${result.stderr}</arg>
</arguments>
<msg timestamp="20201207 07:58:17.452" level="INFO">Length is 0</msg>
<status status="PASS" starttime="20201207 07:58:17.451" endtime="20201207 07:58:17.452"></status>
</kw>
<kw name="Run Process" library="Process">
<doc>Runs a process and waits for it to complete.</doc>
<arguments>
<arg>C:\\Users\\oliver.uhlar\\Desktop\\Projects\\ping_vms\\.venv\\Scripts\\python.exe</arg>
<arg>print_nic.py</arg>
<arg>runserver</arg>
</arguments>
<assign>
<var>${ifconfig}</var>
</assign>
<msg timestamp="20201207 07:58:17.453" level="INFO">Starting process:
C:\Users\oliver.uhlar\Desktop\Projects\ping_vms\.venv\Scripts\python.exe print_nic.py runserver</msg>
<msg timestamp="20201207 07:58:17.456" level="INFO">Waiting for process to complete.</msg>
<msg timestamp="20201207 07:58:18.541" level="INFO">Process completed.</msg>
<msg timestamp="20201207 07:58:18.541" level="INFO">${ifconfig} = &lt;result object with rc 0&gt;</msg>
<status status="PASS" starttime="20201207 07:58:17.453" endtime="20201207 07:58:18.541"></status>
</kw>
<kw name="Should Contain X Times" library="BuiltIn">
<doc>Fails if ``container`` does not contain ``item`` ``count`` times.</doc>
<arguments>
<arg>${result.stdout}</arg>
<arg>successful</arg>
<arg>2</arg>
<arg>msg=Setting NIC was unsuccessful</arg>
</arguments>
<msg timestamp="20201207 07:58:18.542" level="INFO">Item found from container 2 times.</msg>
<status status="PASS" starttime="20201207 07:58:18.542" endtime="20201207 07:58:18.542"></status>
</kw>
<kw name="Should Contain X Times" library="BuiltIn">
<doc>Fails if ``container`` does not contain ``item`` ``count`` times.</doc>
<arguments>
<arg>${ifconfig.stdout}</arg>
<arg>enp0s9</arg>
<arg>2</arg>
<arg>msg=Setting NIC was unsuccessful</arg>
</arguments>
<msg timestamp="20201207 07:58:18.543" level="INFO">Item found from container 2 times.</msg>
<status status="PASS" starttime="20201207 07:58:18.543" endtime="20201207 07:58:18.543"></status>
</kw>
<kw name="Should Contain" library="BuiltIn">
<doc>Fails if ``container`` does not contain ``item`` one or more times.</doc>
<arguments>
<arg>${ifconfig.stdout}</arg>
<arg>10.2.0.23</arg>
<arg>msg=Setting NIC for VM n1 was unsuccessful</arg>
<arg>values=False</arg>
</arguments>
<status status="PASS" starttime="20201207 07:58:18.546" endtime="20201207 07:58:18.547"></status>
</kw>
<kw name="Should Contain" library="BuiltIn">
<doc>Fails if ``container`` does not contain ``item`` one or more times.</doc>
<arguments>
<arg>${ifconfig.stdout}</arg>
<arg>10.2.0.24</arg>
<arg>msg=Setting NIC for VM n2 was unsuccessful</arg>
<arg>values=False</arg>
</arguments>
<status status="PASS" starttime="20201207 07:58:18.547" endtime="20201207 07:58:18.548"></status>
</kw>
<kw name="Log" library="BuiltIn">
<doc>Logs the given message with the given level.</doc>
<arguments>
<arg>${result.stdout}</arg>
</arguments>
<msg timestamp="20201207 07:58:18.548" level="INFO">Setting NIC for VM n1 was successful
Setting NIC for VM n2 was successful</msg>
<status status="PASS" starttime="20201207 07:58:18.548" endtime="20201207 07:58:18.549"></status>
</kw>
<kw name="Log" library="BuiltIn">
<doc>Logs the given message with the given level.</doc>
<arguments>
<arg>${ifconfig.stdout}</arg>
</arguments>
<msg timestamp="20201207 07:58:18.549" level="INFO">
 VM n1
+--------------+--------+
|   NIC name   |  IPv4  |
+--------------+--------+
|  10.0.2.15   | enp0s3 |
| 192.168.56.2 | enp0s8 |
|  10.2.0.23   | enp0s9 |
+--------------+--------+

 VM n2
+--------------+--------+
|   NIC name   |  IPv4  |
+--------------+--------+
|  10.0.2.15   | enp0s3 |
| 192.168.56.3 | enp0s8 |
|  10.2.0.24   | enp0s9 |
+--------------+--------+</msg>
<status status="PASS" starttime="20201207 07:58:18.549" endtime="20201207 07:58:18.549"></status>
</kw>
<status status="PASS" starttime="20201207 07:58:13.580" endtime="20201207 07:58:18.550" critical="yes"></status>
</test>
<test id="s1-t4" name="NIC config after setting NIC">
<kw name="Run Process" library="Process">
<doc>Runs a process and waits for it to complete.</doc>
<arguments>
<arg>C:\\Users\\oliver.uhlar\\Desktop\\Projects\\ping_vms\\.venv\\Scripts\\python.exe</arg>
<arg>print_nic.py</arg>
<arg>runserver</arg>
</arguments>
<assign>
<var>${result}</var>
</assign>
<msg timestamp="20201207 07:58:18.552" level="INFO">Starting process:
C:\Users\oliver.uhlar\Desktop\Projects\ping_vms\.venv\Scripts\python.exe print_nic.py runserver</msg>
<msg timestamp="20201207 07:58:18.554" level="INFO">Waiting for process to complete.</msg>
<msg timestamp="20201207 07:58:19.346" level="INFO">Process completed.</msg>
<msg timestamp="20201207 07:58:19.346" level="INFO">${result} = &lt;result object with rc 0&gt;</msg>
<status status="PASS" starttime="20201207 07:58:18.551" endtime="20201207 07:58:19.346"></status>
</kw>
<kw name="Should Be Empty" library="BuiltIn">
<doc>Verifies that the given item is empty.</doc>
<arguments>
<arg>${result.stderr}</arg>
<arg>msg=${result.stderr}</arg>
</arguments>
<msg timestamp="20201207 07:58:19.347" level="INFO">Length is 0</msg>
<status status="PASS" starttime="20201207 07:58:19.346" endtime="20201207 07:58:19.347"></status>
</kw>
<kw name="Log" library="BuiltIn">
<doc>Logs the given message with the given level.</doc>
<arguments>
<arg>${result.stdout}</arg>
</arguments>
<msg timestamp="20201207 07:58:19.348" level="INFO">
 VM n1
+--------------+--------+
|   NIC name   |  IPv4  |
+--------------+--------+
|  10.0.2.15   | enp0s3 |
| 192.168.56.2 | enp0s8 |
|  10.2.0.23   | enp0s9 |
+--------------+--------+

 VM n2
+--------------+--------+
|   NIC name   |  IPv4  |
+--------------+--------+
|  10.0.2.15   | enp0s3 |
| 192.168.56.3 | enp0s8 |
|  10.2.0.24   | enp0s9 |
+--------------+--------+</msg>
<status status="PASS" starttime="20201207 07:58:19.347" endtime="20201207 07:58:19.348"></status>
</kw>
<status status="PASS" starttime="20201207 07:58:18.551" endtime="20201207 07:58:19.348" critical="yes"></status>
</test>
<kw name="Teardown vms" type="teardown">
<kw name="Terminate Process" library="Process">
<doc>Stops the process gracefully or forcefully.</doc>
<arguments>
<arg>vm1</arg>
<arg>kill=true</arg>
</arguments>
<msg timestamp="20201207 07:58:19.350" level="INFO">Forcefully killing process.</msg>
<msg timestamp="20201207 07:58:19.651" level="INFO">Process completed.</msg>
<status status="PASS" starttime="20201207 07:58:19.350" endtime="20201207 07:58:19.651"></status>
</kw>
<kw name="Terminate Process" library="Process">
<doc>Stops the process gracefully or forcefully.</doc>
<arguments>
<arg>vm2</arg>
<arg>kill=true</arg>
</arguments>
<msg timestamp="20201207 07:58:19.651" level="INFO">Forcefully killing process.</msg>
<msg timestamp="20201207 07:58:19.887" level="INFO">Process completed.</msg>
<status status="PASS" starttime="20201207 07:58:19.651" endtime="20201207 07:58:19.887"></status>
</kw>
<status status="PASS" starttime="20201207 07:58:19.349" endtime="20201207 07:58:19.887"></status>
</kw>
<status status="PASS" starttime="20201207 07:57:08.363" endtime="20201207 07:58:19.887"></status>
</suite>
<statistics>
<total>
<stat pass="4" fail="0">Critical Tests</stat>
<stat pass="4" fail="0">All Tests</stat>
</total>
<tag>
</tag>
<suite>
<stat pass="4" fail="0" id="s1" name="Rf Test Cases">Rf Test Cases</stat>
</suite>
</statistics>
<errors>
</errors>
</robot>
