<?xml version="1.0" encoding="UTF-8"?>
<robot generator="Robot 3.2.2 (Python 3.9.0 on win32)" generated="20201204 11:49:07.203" rpa="false">
<suite id="s1" name="Rf Test Cases" source="C:\Users\oliver.uhlar\Desktop\Projects\ping_vms\rf_test_cases.robot">
<kw name="Start vms" type="setup">
<kw name="Start Process" library="Process">
<doc>Starts a new process on background.</doc>
<arguments>
<arg>C:\\Program Files\\Oracle\\VirtualBox\\VirtualBoxVM.exe</arg>
<arg>--comment</arg>
<arg>ubuntu_1</arg>
<arg>--startvm</arg>
<arg>{c0382caa-6ce6-4fd3-aab4-77ea96bff7f7}</arg>
</arguments>
<msg timestamp="20201204 11:49:07.240" level="INFO">Starting process:
"C:\Program Files\Oracle\VirtualBox\VirtualBoxVM.exe" --comment ubuntu_1 --startvm {c0382caa-6ce6-4fd3-aab4-77ea96bff7f7}</msg>
<status status="PASS" starttime="20201204 11:49:07.239" endtime="20201204 11:49:07.242"></status>
</kw>
<kw name="Start Process" library="Process">
<doc>Starts a new process on background.</doc>
<arguments>
<arg>C:\\Program Files\\Oracle\\VirtualBox\\VirtualBoxVM.exe</arg>
<arg>--comment</arg>
<arg>ubuntu_2</arg>
<arg>--startvm</arg>
<arg>{dbe30ee1-7145-48e6-9a9a-2a7c6b910257}</arg>
</arguments>
<msg timestamp="20201204 11:49:07.243" level="INFO">Starting process:
"C:\Program Files\Oracle\VirtualBox\VirtualBoxVM.exe" --comment ubuntu_2 --startvm {dbe30ee1-7145-48e6-9a9a-2a7c6b910257}</msg>
<status status="PASS" starttime="20201204 11:49:07.243" endtime="20201204 11:49:07.246"></status>
</kw>
<status status="PASS" starttime="20201204 11:49:07.239" endtime="20201204 11:49:07.246"></status>
</kw>
<test id="s1-t1" name="NIC config before setting NIC">
<kw name="Sleep" library="BuiltIn">
<doc>Pauses the test executed for the given time.</doc>
<arguments>
<arg>40s</arg>
<arg>Waiting for Vms to boot up.</arg>
</arguments>
<msg timestamp="20201204 11:49:47.249" level="INFO">Slept 40 seconds</msg>
<msg timestamp="20201204 11:49:47.249" level="INFO">Waiting for Vms to boot up.</msg>
<status status="PASS" starttime="20201204 11:49:07.246" endtime="20201204 11:49:47.249"></status>
</kw>
<kw name="Run Process" library="Process">
<doc>Runs a process and waits for it to complete.</doc>
<arguments>
<arg>C:\\Users\\oliver.uhlar\\Desktop\\Projects\\ping_vms\\.venv\\Scripts\\python.exe</arg>
<arg>print_nic.py</arg>
<arg>runserver</arg>
</arguments>
<assign>
<var>${result}</var>
</assign>
<msg timestamp="20201204 11:49:47.250" level="INFO">Starting process:
C:\Users\oliver.uhlar\Desktop\Projects\ping_vms\.venv\Scripts\python.exe print_nic.py runserver</msg>
<msg timestamp="20201204 11:49:47.255" level="INFO">Waiting for process to complete.</msg>
<msg timestamp="20201204 11:49:49.829" level="INFO">Process completed.</msg>
<msg timestamp="20201204 11:49:49.829" level="INFO">${result} = &lt;result object with rc 0&gt;</msg>
<status status="PASS" starttime="20201204 11:49:47.250" endtime="20201204 11:49:49.829"></status>
</kw>
<kw name="Should Be Empty" library="BuiltIn">
<doc>Verifies that the given item is empty.</doc>
<arguments>
<arg>${result.stderr}</arg>
<arg>msg=${result.stderr}</arg>
</arguments>
<msg timestamp="20201204 11:49:49.835" level="INFO">Length is 0</msg>
<status status="PASS" starttime="20201204 11:49:49.834" endtime="20201204 11:49:49.835"></status>
</kw>
<kw name="Log" library="BuiltIn">
<doc>Logs the given message with the given level.</doc>
<arguments>
<arg>${result.stdout}</arg>
</arguments>
<msg timestamp="20201204 11:49:49.836" level="INFO">
 VM n1
+--------------+--------+
|   NIC name   |  IPv4  |
+--------------+--------+
|  10.0.2.15   | enp0s3 |
| 192.168.56.2 | enp0s8 |
+--------------+--------+

 VM n2
+--------------+--------+
|   NIC name   |  IPv4  |
+--------------+--------+
|  10.0.2.15   | enp0s3 |
| 192.168.56.3 | enp0s8 |
+--------------+--------+</msg>
<status status="PASS" starttime="20201204 11:49:49.836" endtime="20201204 11:49:49.837"></status>
</kw>
<status status="PASS" starttime="20201204 11:49:07.246" endtime="20201204 11:49:49.838" critical="yes"></status>
</test>
<test id="s1-t2" name="Ping VMs before setting NIC">
<kw name="Run Process" library="Process">
<doc>Runs a process and waits for it to complete.</doc>
<arguments>
<arg>C:\\Users\\oliver.uhlar\\Desktop\\Projects\\ping_vms\\.venv\\Scripts\\python.exe</arg>
<arg>try_ping.py</arg>
<arg>runserver</arg>
</arguments>
<assign>
<var>${result}</var>
</assign>
<msg timestamp="20201204 11:49:49.839" level="INFO">Starting process:
C:\Users\oliver.uhlar\Desktop\Projects\ping_vms\.venv\Scripts\python.exe try_ping.py runserver</msg>
<msg timestamp="20201204 11:49:49.844" level="INFO">Waiting for process to complete.</msg>
<msg timestamp="20201204 11:50:15.356" level="INFO">Process completed.</msg>
<msg timestamp="20201204 11:50:15.356" level="INFO">${result} = &lt;result object with rc 0&gt;</msg>
<status status="PASS" starttime="20201204 11:49:49.839" endtime="20201204 11:50:15.356"></status>
</kw>
<kw name="Should Be Empty" library="BuiltIn">
<doc>Verifies that the given item is empty.</doc>
<arguments>
<arg>${result.stderr}</arg>
<arg>msg=${result.stderr}</arg>
</arguments>
<msg timestamp="20201204 11:50:15.358" level="INFO">Length is 0</msg>
<status status="PASS" starttime="20201204 11:50:15.357" endtime="20201204 11:50:15.358"></status>
</kw>
<kw name="Should Contain" library="BuiltIn">
<doc>Fails if ``container`` does not contain ``item`` one or more times.</doc>
<arguments>
<arg>${result.stdout}</arg>
<arg>100% packet loss</arg>
</arguments>
<status status="PASS" starttime="20201204 11:50:15.359" endtime="20201204 11:50:15.359"></status>
</kw>
<kw name="Log" library="BuiltIn">
<doc>Logs the given message with the given level.</doc>
<arguments>
<arg>${result.stdout}</arg>
</arguments>
<msg timestamp="20201204 11:50:15.360" level="INFO">ping VM n1 -&gt; VM n2 

['PING 10.2.0.23 (10.2.0.23) 56(84) bytes of data.\n', '\n', '--- 10.2.0.23 ping statistics ---\n', '3 packets transmitted, 0 received, 100% packet loss, time 2054ms\n', '\n']
ping VM n2 -&gt; VM n1
['PING 10.2.0.22 (10.2.0.22) 56(84) bytes of data.\n', '\n', '--- 10.2.0.22 ping statistics ---\n', '3 packets transmitted, 0 received, 100% packet loss, time 2037ms\n', '\n']</msg>
<status status="PASS" starttime="20201204 11:50:15.360" endtime="20201204 11:50:15.360"></status>
</kw>
<status status="PASS" starttime="20201204 11:49:49.838" endtime="20201204 11:50:15.361" critical="yes"></status>
</test>
<test id="s1-t3" name="Set NIC">
<kw name="Run Process" library="Process">
<doc>Runs a process and waits for it to complete.</doc>
<arguments>
<arg>C:\\Users\\oliver.uhlar\\Desktop\\Projects\\ping_vms\\.venv\\Scripts\\python.exe</arg>
<arg>set_nic.py</arg>
<arg>runserver</arg>
</arguments>
<assign>
<var>${result}</var>
</assign>
<msg timestamp="20201204 11:50:15.363" level="INFO">Starting process:
C:\Users\oliver.uhlar\Desktop\Projects\ping_vms\.venv\Scripts\python.exe set_nic.py runserver</msg>
<msg timestamp="20201204 11:50:15.368" level="INFO">Waiting for process to complete.</msg>
<msg timestamp="20201204 11:50:19.064" level="INFO">Process completed.</msg>
<msg timestamp="20201204 11:50:19.064" level="INFO">${result} = &lt;result object with rc 0&gt;</msg>
<status status="PASS" starttime="20201204 11:50:15.363" endtime="20201204 11:50:19.064"></status>
</kw>
<kw name="Should Be Empty" library="BuiltIn">
<doc>Verifies that the given item is empty.</doc>
<arguments>
<arg>${result.stderr}</arg>
<arg>msg=${result.stderr}</arg>
</arguments>
<msg timestamp="20201204 11:50:19.066" level="INFO">Length is 0</msg>
<status status="PASS" starttime="20201204 11:50:19.065" endtime="20201204 11:50:19.066"></status>
</kw>
<kw name="Run Process" library="Process">
<doc>Runs a process and waits for it to complete.</doc>
<arguments>
<arg>C:\\Users\\oliver.uhlar\\Desktop\\Projects\\ping_vms\\.venv\\Scripts\\python.exe</arg>
<arg>print_nic.py</arg>
<arg>runserver</arg>
</arguments>
<assign>
<var>${ifconfig}</var>
</assign>
<msg timestamp="20201204 11:50:19.067" level="INFO">Starting process:
C:\Users\oliver.uhlar\Desktop\Projects\ping_vms\.venv\Scripts\python.exe print_nic.py runserver</msg>
<msg timestamp="20201204 11:50:19.071" level="INFO">Waiting for process to complete.</msg>
<msg timestamp="20201204 11:50:19.804" level="INFO">Process completed.</msg>
<msg timestamp="20201204 11:50:19.804" level="INFO">${ifconfig} = &lt;result object with rc 0&gt;</msg>
<status status="PASS" starttime="20201204 11:50:19.067" endtime="20201204 11:50:19.804"></status>
</kw>
<kw name="Should Contain X Times" library="BuiltIn">
<doc>Fails if ``container`` does not contain ``item`` ``count`` times.</doc>
<arguments>
<arg>${result.stdout}</arg>
<arg>successful</arg>
<arg>2</arg>
<arg>msg=Setting NIC was unsuccessful</arg>
</arguments>
<msg timestamp="20201204 11:50:19.806" level="INFO">Item found from container 2 times.</msg>
<status status="PASS" starttime="20201204 11:50:19.805" endtime="20201204 11:50:19.807"></status>
</kw>
<kw name="Should Contain X Times" library="BuiltIn">
<doc>Fails if ``container`` does not contain ``item`` ``count`` times.</doc>
<arguments>
<arg>${ifconfig.stdout}</arg>
<arg>enp0s9</arg>
<arg>2</arg>
<arg>msg=Setting NIC was unsuccessful</arg>
</arguments>
<msg timestamp="20201204 11:50:19.812" level="INFO">Item found from container 2 times.</msg>
<status status="PASS" starttime="20201204 11:50:19.809" endtime="20201204 11:50:19.812"></status>
</kw>
<kw name="Should Contain" library="BuiltIn">
<doc>Fails if ``container`` does not contain ``item`` one or more times.</doc>
<arguments>
<arg>${ifconfig.stdout}</arg>
<arg>10.2.0.23</arg>
<arg>msg=Setting NIC for VM n1 was unsuccessful</arg>
<arg>values=False</arg>
</arguments>
<status status="PASS" starttime="20201204 11:50:19.813" endtime="20201204 11:50:19.814"></status>
</kw>
<kw name="Should Contain" library="BuiltIn">
<doc>Fails if ``container`` does not contain ``item`` one or more times.</doc>
<arguments>
<arg>${ifconfig.stdout}</arg>
<arg>10.2.0.24</arg>
<arg>msg=Setting NIC for VM n2 was unsuccessful</arg>
<arg>values=False</arg>
</arguments>
<status status="PASS" starttime="20201204 11:50:19.817" endtime="20201204 11:50:19.818"></status>
</kw>
<kw name="Log" library="BuiltIn">
<doc>Logs the given message with the given level.</doc>
<arguments>
<arg>${result.stdout}</arg>
</arguments>
<msg timestamp="20201204 11:50:19.820" level="INFO">Setting NIC for VM n1 was successful
Setting NIC for VM n2 was successful</msg>
<status status="PASS" starttime="20201204 11:50:19.819" endtime="20201204 11:50:19.820"></status>
</kw>
<kw name="Log" library="BuiltIn">
<doc>Logs the given message with the given level.</doc>
<arguments>
<arg>${ifconfig.stdout}</arg>
</arguments>
<msg timestamp="20201204 11:50:19.821" level="INFO">
 VM n1
+--------------+--------+
|   NIC name   |  IPv4  |
+--------------+--------+
|  10.0.2.15   | enp0s3 |
| 192.168.56.2 | enp0s8 |
|  10.2.0.23   | enp0s9 |
+--------------+--------+

 VM n2
+--------------+--------+
|   NIC name   |  IPv4  |
+--------------+--------+
|  10.0.2.15   | enp0s3 |
| 192.168.56.3 | enp0s8 |
|  10.2.0.24   | enp0s9 |
+--------------+--------+</msg>
<status status="PASS" starttime="20201204 11:50:19.820" endtime="20201204 11:50:19.821"></status>
</kw>
<status status="PASS" starttime="20201204 11:50:15.362" endtime="20201204 11:50:19.822" critical="yes"></status>
</test>
<test id="s1-t4" name="NIC config after setting NIC">
<kw name="Run Process" library="Process">
<doc>Runs a process and waits for it to complete.</doc>
<arguments>
<arg>C:\\Users\\oliver.uhlar\\Desktop\\Projects\\ping_vms\\.venv\\Scripts\\python.exe</arg>
<arg>print_nic.py</arg>
<arg>runserver</arg>
</arguments>
<assign>
<var>${result}</var>
</assign>
<msg timestamp="20201204 11:50:19.826" level="INFO">Starting process:
C:\Users\oliver.uhlar\Desktop\Projects\ping_vms\.venv\Scripts\python.exe print_nic.py runserver</msg>
<msg timestamp="20201204 11:50:19.828" level="INFO">Waiting for process to complete.</msg>
<msg timestamp="20201204 11:50:20.573" level="INFO">Process completed.</msg>
<msg timestamp="20201204 11:50:20.574" level="INFO">${result} = &lt;result object with rc 0&gt;</msg>
<status status="PASS" starttime="20201204 11:50:19.825" endtime="20201204 11:50:20.574"></status>
</kw>
<kw name="Should Be Empty" library="BuiltIn">
<doc>Verifies that the given item is empty.</doc>
<arguments>
<arg>${result.stderr}</arg>
<arg>msg=${result.stderr}</arg>
</arguments>
<msg timestamp="20201204 11:50:20.576" level="INFO">Length is 0</msg>
<status status="PASS" starttime="20201204 11:50:20.575" endtime="20201204 11:50:20.576"></status>
</kw>
<kw name="Log" library="BuiltIn">
<doc>Logs the given message with the given level.</doc>
<arguments>
<arg>${result.stdout}</arg>
</arguments>
<msg timestamp="20201204 11:50:20.578" level="INFO">
 VM n1
+--------------+--------+
|   NIC name   |  IPv4  |
+--------------+--------+
|  10.0.2.15   | enp0s3 |
| 192.168.56.2 | enp0s8 |
|  10.2.0.23   | enp0s9 |
+--------------+--------+

 VM n2
+--------------+--------+
|   NIC name   |  IPv4  |
+--------------+--------+
|  10.0.2.15   | enp0s3 |
| 192.168.56.3 | enp0s8 |
|  10.2.0.24   | enp0s9 |
+--------------+--------+</msg>
<status status="PASS" starttime="20201204 11:50:20.577" endtime="20201204 11:50:20.579"></status>
</kw>
<status status="PASS" starttime="20201204 11:50:19.823" endtime="20201204 11:50:20.579" critical="yes"></status>
</test>
<status status="PASS" starttime="20201204 11:49:07.205" endtime="20201204 11:50:20.589"></status>
</suite>
<statistics>
<total>
<stat pass="4" fail="0">Critical Tests</stat>
<stat pass="4" fail="0">All Tests</stat>
</total>
<tag>
</tag>
<suite>
<stat pass="4" fail="0" id="s1" name="Rf Test Cases">Rf Test Cases</stat>
</suite>
</statistics>
<errors>
</errors>
</robot>
