<?xml version="1.0" encoding="UTF-8"?>
<robot generator="Robot 3.2.2 (Python 3.9.0 on win32)" generated="20201217 08:30:44.106" rpa="false">
<suite id="s1" name="Rf Test Cases" source="C:\Users\oliver.uhlar\Desktop\Projects\ping_vms\rf_test_cases.robot">
<kw name="Start vms" type="setup">
<kw name="Start Process" library="Process">
<doc>Starts a new process on background.</doc>
<arguments>
<arg>C:\\Program Files\\Oracle\\VirtualBox\\VBoxManage.exe</arg>
<arg>startvm</arg>
<arg>ubuntu_1</arg>
<arg>{c0382caa-6ce6-4fd3-aab4-77ea96bff7f7}</arg>
<arg>--type</arg>
<arg>headless</arg>
</arguments>
<msg timestamp="20201217 08:30:44.139" level="INFO">Starting process:
"C:\Program Files\Oracle\VirtualBox\VBoxManage.exe" startvm ubuntu_1 {c0382caa-6ce6-4fd3-aab4-77ea96bff7f7} --type headless</msg>
<status status="PASS" starttime="20201217 08:30:44.138" endtime="20201217 08:30:44.141"></status>
</kw>
<kw name="Start Process" library="Process">
<doc>Starts a new process on background.</doc>
<arguments>
<arg>C:\\Program Files\\Oracle\\VirtualBox\\VBoxManage.exe</arg>
<arg>startvm</arg>
<arg>ubuntu_2</arg>
<arg>{c0382caa-6ce6-4fd3-aab4-77ea96bff7f7}</arg>
<arg>--type</arg>
<arg>headless</arg>
</arguments>
<msg timestamp="20201217 08:30:44.142" level="INFO">Starting process:
"C:\Program Files\Oracle\VirtualBox\VBoxManage.exe" startvm ubuntu_2 {c0382caa-6ce6-4fd3-aab4-77ea96bff7f7} --type headless</msg>
<status status="PASS" starttime="20201217 08:30:44.141" endtime="20201217 08:30:44.144"></status>
</kw>
<status status="PASS" starttime="20201217 08:30:44.138" endtime="20201217 08:30:44.144"></status>
</kw>
<test id="s1-t1" name="NIC config before setting NIC">
<kw name="Wait Until Keyword Succeeds" library="BuiltIn">
<doc>Runs the specified keyword and retries if it fails.</doc>
<arguments>
<arg>2min</arg>
<arg>10s</arg>
<arg>Are booted</arg>
</arguments>
<kw name="Are booted">
<kw name="Run Process" library="Process">
<doc>Runs a process and waits for it to complete.</doc>
<arguments>
<arg>C:\\Users\\oliver.uhlar\\Desktop\\Projects\\ping_vms\\.venv\\Scripts\\python.exe</arg>
<arg>print_nic.py</arg>
<arg>runserver</arg>
</arguments>
<assign>
<var>${result}</var>
</assign>
<msg timestamp="20201217 08:30:44.146" level="INFO">Starting process:
C:\Users\oliver.uhlar\Desktop\Projects\ping_vms\.venv\Scripts\python.exe print_nic.py runserver</msg>
<msg timestamp="20201217 08:30:44.149" level="INFO">Waiting for process to complete.</msg>
<msg timestamp="20201217 08:30:59.529" level="INFO">Process completed.</msg>
<msg timestamp="20201217 08:30:59.529" level="INFO">${result} = &lt;result object with rc 1&gt;</msg>
<status status="PASS" starttime="20201217 08:30:44.146" endtime="20201217 08:30:59.529"></status>
</kw>
<kw name="Should Be Empty" library="BuiltIn">
<doc>Verifies that the given item is empty.</doc>
<arguments>
<arg>${result.stderr}</arg>
<arg>msg=${result.stderr}</arg>
</arguments>
<msg timestamp="20201217 08:30:59.530" level="INFO">Length is 496</msg>
<msg timestamp="20201217 08:30:59.530" level="FAIL">Traceback (most recent call last):
  File "C:\Users\oliver.uhlar\Desktop\Projects\ping_vms\print_nic.py", line 24, in &lt;module&gt;
    vm_u.connect('192.168.56.2',port=22, username='oliveruhlar', password='', key_filename='w_rsa')
  File "C:\Users\oliver.uhlar\Desktop\Projects\ping_vms\.venv\lib\site-packages\paramiko\client.py", line 368, in connect
    raise NoValidConnectionsError(errors)
paramiko.ssh_exception.NoValidConnectionsError: [Errno None] Unable to connect to port 22 on 192.168.56.2</msg>
<status status="FAIL" starttime="20201217 08:30:59.530" endtime="20201217 08:30:59.530"></status>
</kw>
<status status="FAIL" starttime="20201217 08:30:44.145" endtime="20201217 08:30:59.530"></status>
</kw>
<kw name="Are booted">
<kw name="Run Process" library="Process">
<doc>Runs a process and waits for it to complete.</doc>
<arguments>
<arg>C:\\Users\\oliver.uhlar\\Desktop\\Projects\\ping_vms\\.venv\\Scripts\\python.exe</arg>
<arg>print_nic.py</arg>
<arg>runserver</arg>
</arguments>
<assign>
<var>${result}</var>
</assign>
<msg timestamp="20201217 08:31:09.532" level="INFO">Starting process:
C:\Users\oliver.uhlar\Desktop\Projects\ping_vms\.venv\Scripts\python.exe print_nic.py runserver</msg>
<msg timestamp="20201217 08:31:09.534" level="INFO">Waiting for process to complete.</msg>
<msg timestamp="20201217 08:31:10.590" level="INFO">Process completed.</msg>
<msg timestamp="20201217 08:31:10.590" level="INFO">${result} = &lt;result object with rc 0&gt;</msg>
<status status="PASS" starttime="20201217 08:31:09.531" endtime="20201217 08:31:10.590"></status>
</kw>
<kw name="Should Be Empty" library="BuiltIn">
<doc>Verifies that the given item is empty.</doc>
<arguments>
<arg>${result.stderr}</arg>
<arg>msg=${result.stderr}</arg>
</arguments>
<msg timestamp="20201217 08:31:10.591" level="INFO">Length is 0</msg>
<status status="PASS" starttime="20201217 08:31:10.591" endtime="20201217 08:31:10.592"></status>
</kw>
<status status="PASS" starttime="20201217 08:31:09.531" endtime="20201217 08:31:10.592"></status>
</kw>
<status status="PASS" starttime="20201217 08:30:44.145" endtime="20201217 08:31:10.592"></status>
</kw>
<kw name="Run Process" library="Process">
<doc>Runs a process and waits for it to complete.</doc>
<arguments>
<arg>C:\\Users\\oliver.uhlar\\Desktop\\Projects\\ping_vms\\.venv\\Scripts\\python.exe</arg>
<arg>print_nic.py</arg>
<arg>runserver</arg>
</arguments>
<assign>
<var>${result}</var>
</assign>
<msg timestamp="20201217 08:31:10.593" level="INFO">Starting process:
C:\Users\oliver.uhlar\Desktop\Projects\ping_vms\.venv\Scripts\python.exe print_nic.py runserver</msg>
<msg timestamp="20201217 08:31:10.596" level="INFO">Waiting for process to complete.</msg>
<msg timestamp="20201217 08:31:11.637" level="INFO">Process completed.</msg>
<msg timestamp="20201217 08:31:11.637" level="INFO">${result} = &lt;result object with rc 0&gt;</msg>
<status status="PASS" starttime="20201217 08:31:10.593" endtime="20201217 08:31:11.638"></status>
</kw>
<kw name="Should Be Empty" library="BuiltIn">
<doc>Verifies that the given item is empty.</doc>
<arguments>
<arg>${result.stderr}</arg>
<arg>msg=${result.stderr}</arg>
</arguments>
<msg timestamp="20201217 08:31:11.640" level="INFO">Length is 0</msg>
<status status="PASS" starttime="20201217 08:31:11.639" endtime="20201217 08:31:11.640"></status>
</kw>
<kw name="Log" library="BuiltIn">
<doc>Logs the given message with the given level.</doc>
<arguments>
<arg>${result.stdout}</arg>
</arguments>
<msg timestamp="20201217 08:31:11.641" level="INFO">
 VM n1
+----------+--------------+
| NIC name |     IPv4     |
+----------+--------------+
|  enp0s3  |  10.0.2.15   |
|  enp0s8  | 192.168.56.2 |
+----------+--------------+

 VM n2
+----------+--------------+
| NIC name |     IPv4     |
+----------+--------------+
|  enp0s3  |  10.0.2.15   |
|  enp0s8  | 192.168.56.3 |
+----------+--------------+</msg>
<status status="PASS" starttime="20201217 08:31:11.640" endtime="20201217 08:31:11.641"></status>
</kw>
<status status="PASS" starttime="20201217 08:30:44.144" endtime="20201217 08:31:11.642" critical="yes"></status>
</test>
<test id="s1-t2" name="Ping VMs before setting NIC">
<kw name="Run Process" library="Process">
<doc>Runs a process and waits for it to complete.</doc>
<arguments>
<arg>C:\\Users\\oliver.uhlar\\Desktop\\Projects\\ping_vms\\.venv\\Scripts\\python.exe</arg>
<arg>try_ping.py</arg>
<arg>runserver</arg>
</arguments>
<assign>
<var>${result}</var>
</assign>
<msg timestamp="20201217 08:31:11.647" level="INFO">Starting process:
C:\Users\oliver.uhlar\Desktop\Projects\ping_vms\.venv\Scripts\python.exe try_ping.py runserver</msg>
<msg timestamp="20201217 08:31:11.651" level="INFO">Waiting for process to complete.</msg>
<msg timestamp="20201217 08:31:27.351" level="INFO">Process completed.</msg>
<msg timestamp="20201217 08:31:27.351" level="INFO">${result} = &lt;result object with rc 0&gt;</msg>
<status status="PASS" starttime="20201217 08:31:11.647" endtime="20201217 08:31:27.351"></status>
</kw>
<kw name="Should Be Empty" library="BuiltIn">
<doc>Verifies that the given item is empty.</doc>
<arguments>
<arg>${result.stderr}</arg>
<arg>msg=${result.stderr}</arg>
</arguments>
<msg timestamp="20201217 08:31:27.352" level="INFO">Length is 0</msg>
<status status="PASS" starttime="20201217 08:31:27.352" endtime="20201217 08:31:27.352"></status>
</kw>
<kw name="Should Contain" library="BuiltIn">
<doc>Fails if ``container`` does not contain ``item`` one or more times.</doc>
<arguments>
<arg>${result.stdout}</arg>
<arg>100% packet loss</arg>
</arguments>
<status status="PASS" starttime="20201217 08:31:27.353" endtime="20201217 08:31:27.353"></status>
</kw>
<kw name="Log" library="BuiltIn">
<doc>Logs the given message with the given level.</doc>
<arguments>
<arg>${result.stdout}</arg>
</arguments>
<msg timestamp="20201217 08:31:27.354" level="INFO">
 ping VM n1 -&gt; VM n2 

['PING 10.2.0.24 (10.2.0.24) 56(84) bytes of data.\n', '\n', '--- 10.2.0.24 ping statistics ---\n', '3 packets transmitted, 0 received, 100% packet loss, time 2054ms\n', '\n']

 ping VM n2 -&gt; VM n1 

['PING 10.2.0.23 (10.2.0.23) 56(84) bytes of data.\n', 'From 93.184.71.54 icmp_seq=1 Destination Host Unreachable\n', 'From 93.184.71.54 icmp_seq=2 Destination Host Unreachable\n', 'From 93.184.71.54 icmp_seq=3 Destination Host Unreachable\n', '\n', '--- 10.2.0.23 ping statistics ---\n', '3 packets transmitted, 0 received, +3 errors, 100% packet loss, time 2033ms\n', 'pipe 3\n']</msg>
<status status="PASS" starttime="20201217 08:31:27.353" endtime="20201217 08:31:27.354"></status>
</kw>
<status status="PASS" starttime="20201217 08:31:11.645" endtime="20201217 08:31:27.354" critical="yes"></status>
</test>
<test id="s1-t3" name="Set NIC">
<kw name="Run Process" library="Process">
<doc>Runs a process and waits for it to complete.</doc>
<arguments>
<arg>C:\\Users\\oliver.uhlar\\Desktop\\Projects\\ping_vms\\.venv\\Scripts\\python.exe</arg>
<arg>set_nic.py</arg>
<arg>runserver</arg>
</arguments>
<assign>
<var>${result}</var>
</assign>
<msg timestamp="20201217 08:31:27.357" level="INFO">Starting process:
C:\Users\oliver.uhlar\Desktop\Projects\ping_vms\.venv\Scripts\python.exe set_nic.py runserver</msg>
<msg timestamp="20201217 08:31:27.361" level="INFO">Waiting for process to complete.</msg>
<msg timestamp="20201217 08:31:30.829" level="INFO">Process completed.</msg>
<msg timestamp="20201217 08:31:30.830" level="INFO">${result} = &lt;result object with rc 0&gt;</msg>
<status status="PASS" starttime="20201217 08:31:27.357" endtime="20201217 08:31:30.830"></status>
</kw>
<kw name="Should Be Empty" library="BuiltIn">
<doc>Verifies that the given item is empty.</doc>
<arguments>
<arg>${result.stderr}</arg>
<arg>msg=${result.stderr}</arg>
</arguments>
<msg timestamp="20201217 08:31:30.831" level="INFO">Length is 0</msg>
<status status="PASS" starttime="20201217 08:31:30.830" endtime="20201217 08:31:30.831"></status>
</kw>
<kw name="Run Process" library="Process">
<doc>Runs a process and waits for it to complete.</doc>
<arguments>
<arg>C:\\Users\\oliver.uhlar\\Desktop\\Projects\\ping_vms\\.venv\\Scripts\\python.exe</arg>
<arg>print_nic.py</arg>
<arg>runserver</arg>
</arguments>
<assign>
<var>${ifconfig}</var>
</assign>
<msg timestamp="20201217 08:31:30.832" level="INFO">Starting process:
C:\Users\oliver.uhlar\Desktop\Projects\ping_vms\.venv\Scripts\python.exe print_nic.py runserver</msg>
<msg timestamp="20201217 08:31:30.834" level="INFO">Waiting for process to complete.</msg>
<msg timestamp="20201217 08:31:31.311" level="INFO">Process completed.</msg>
<msg timestamp="20201217 08:31:31.311" level="INFO">${ifconfig} = &lt;result object with rc 0&gt;</msg>
<status status="PASS" starttime="20201217 08:31:30.831" endtime="20201217 08:31:31.311"></status>
</kw>
<kw name="Should Contain X Times" library="BuiltIn">
<doc>Fails if ``container`` does not contain ``item`` ``count`` times.</doc>
<arguments>
<arg>${result.stdout}</arg>
<arg>successful</arg>
<arg>2</arg>
<arg>msg=Setting NIC was unsuccessful</arg>
</arguments>
<msg timestamp="20201217 08:31:31.312" level="INFO">Item found from container 2 times.</msg>
<status status="PASS" starttime="20201217 08:31:31.312" endtime="20201217 08:31:31.312"></status>
</kw>
<kw name="Should Contain X Times" library="BuiltIn">
<doc>Fails if ``container`` does not contain ``item`` ``count`` times.</doc>
<arguments>
<arg>${ifconfig.stdout}</arg>
<arg>enp0s9</arg>
<arg>2</arg>
<arg>msg=Setting NIC was unsuccessful</arg>
</arguments>
<msg timestamp="20201217 08:31:31.313" level="INFO">Item found from container 2 times.</msg>
<status status="PASS" starttime="20201217 08:31:31.312" endtime="20201217 08:31:31.313"></status>
</kw>
<kw name="Should Contain" library="BuiltIn">
<doc>Fails if ``container`` does not contain ``item`` one or more times.</doc>
<arguments>
<arg>${ifconfig.stdout}</arg>
<arg>10.2.0.23</arg>
<arg>msg=Setting NIC for VM n1 was unsuccessful</arg>
<arg>values=False</arg>
</arguments>
<status status="PASS" starttime="20201217 08:31:31.313" endtime="20201217 08:31:31.313"></status>
</kw>
<kw name="Should Contain" library="BuiltIn">
<doc>Fails if ``container`` does not contain ``item`` one or more times.</doc>
<arguments>
<arg>${ifconfig.stdout}</arg>
<arg>10.2.0.24</arg>
<arg>msg=Setting NIC for VM n2 was unsuccessful</arg>
<arg>values=False</arg>
</arguments>
<status status="PASS" starttime="20201217 08:31:31.314" endtime="20201217 08:31:31.314"></status>
</kw>
<kw name="Log" library="BuiltIn">
<doc>Logs the given message with the given level.</doc>
<arguments>
<arg>${result.stdout}</arg>
</arguments>
<msg timestamp="20201217 08:31:31.315" level="INFO">Setting NIC for VM n1 was successful
Setting NIC for VM n2 was successful</msg>
<status status="PASS" starttime="20201217 08:31:31.314" endtime="20201217 08:31:31.315"></status>
</kw>
<kw name="Log" library="BuiltIn">
<doc>Logs the given message with the given level.</doc>
<arguments>
<arg>${ifconfig.stdout}</arg>
</arguments>
<msg timestamp="20201217 08:31:31.315" level="INFO">
 VM n1
+----------+--------------+
| NIC name |     IPv4     |
+----------+--------------+
|  enp0s3  |  10.0.2.15   |
|  enp0s8  | 192.168.56.2 |
|  enp0s9  |  10.2.0.23   |
+----------+--------------+

 VM n2
+----------+--------------+
| NIC name |     IPv4     |
+----------+--------------+
|  enp0s3  |  10.0.2.15   |
|  enp0s8  | 192.168.56.3 |
|  enp0s9  |  10.2.0.24   |
+----------+--------------+</msg>
<status status="PASS" starttime="20201217 08:31:31.315" endtime="20201217 08:31:31.315"></status>
</kw>
<status status="PASS" starttime="20201217 08:31:27.357" endtime="20201217 08:31:31.316" critical="yes"></status>
</test>
<test id="s1-t4" name="Ping VMs after setting NIC">
<kw name="Run Process" library="Process">
<doc>Runs a process and waits for it to complete.</doc>
<arguments>
<arg>C:\\Users\\oliver.uhlar\\Desktop\\Projects\\ping_vms\\.venv\\Scripts\\python.exe</arg>
<arg>try_ping.py</arg>
<arg>runserver</arg>
</arguments>
<assign>
<var>${result}</var>
</assign>
<msg timestamp="20201217 08:31:31.318" level="INFO">Starting process:
C:\Users\oliver.uhlar\Desktop\Projects\ping_vms\.venv\Scripts\python.exe try_ping.py runserver</msg>
<msg timestamp="20201217 08:31:31.319" level="INFO">Waiting for process to complete.</msg>
<msg timestamp="20201217 08:31:35.793" level="INFO">Process completed.</msg>
<msg timestamp="20201217 08:31:35.793" level="INFO">${result} = &lt;result object with rc 0&gt;</msg>
<status status="PASS" starttime="20201217 08:31:31.317" endtime="20201217 08:31:35.793"></status>
</kw>
<kw name="Should Be Empty" library="BuiltIn">
<doc>Verifies that the given item is empty.</doc>
<arguments>
<arg>${result.stderr}</arg>
<arg>msg=${result.stderr}</arg>
</arguments>
<msg timestamp="20201217 08:31:35.794" level="INFO">Length is 0</msg>
<status status="PASS" starttime="20201217 08:31:35.794" endtime="20201217 08:31:35.794"></status>
</kw>
<kw name="Should Contain X Times" library="BuiltIn">
<doc>Fails if ``container`` does not contain ``item`` ``count`` times.</doc>
<arguments>
<arg>${result.stdout}</arg>
<arg>0% packet loss</arg>
<arg>2</arg>
<arg>msg=Ping successful</arg>
</arguments>
<msg timestamp="20201217 08:31:35.795" level="INFO">Item found from container 2 times.</msg>
<status status="PASS" starttime="20201217 08:31:35.795" endtime="20201217 08:31:35.795"></status>
</kw>
<kw name="Log" library="BuiltIn">
<doc>Logs the given message with the given level.</doc>
<arguments>
<arg>${result.stdout}</arg>
</arguments>
<msg timestamp="20201217 08:31:35.796" level="INFO">
 ping VM n1 -&gt; VM n2 

['PING 10.2.0.24 (10.2.0.24) 56(84) bytes of data.\n', '64 bytes from 10.2.0.24: icmp_seq=1 ttl=64 time=0.506 ms\n', '64 bytes from 10.2.0.24: icmp_seq=2 ttl=64 time=0.687 ms\n', '64 bytes from 10.2.0.24: icmp_seq=3 ttl=64 time=1.08 ms\n', '\n', '--- 10.2.0.24 ping statistics ---\n', '3 packets transmitted, 3 received, 0% packet loss, time 4015ms\n', 'rtt min/avg/max/mdev = 0.506/0.756/1.075/0.237 ms\n']

 ping VM n2 -&gt; VM n1 

['PING 10.2.0.23 (10.2.0.23) 56(84) bytes of data.\n', '64 bytes from 10.2.0.23: icmp_seq=1 ttl=64 time=0.958 ms\n', '64 bytes from 10.2.0.23: icmp_seq=2 ttl=64 time=1.15 ms\n', '64 bytes from 10.2.0.23: icmp_seq=3 ttl=64 time=0.932 ms\n', '\n', '--- 10.2.0.23 ping statistics ---\n', '3 packets transmitted, 3 received, 0% packet loss, time 2013ms\n', 'rtt min/avg/max/mdev = 0.932/1.014/1.154/0.099 ms\n']</msg>
<status status="PASS" starttime="20201217 08:31:35.796" endtime="20201217 08:31:35.796"></status>
</kw>
<status status="PASS" starttime="20201217 08:31:31.317" endtime="20201217 08:31:35.796" critical="yes"></status>
</test>
<test id="s1-t5" name="NIC config after setting NIC">
<kw name="Run Process" library="Process">
<doc>Runs a process and waits for it to complete.</doc>
<arguments>
<arg>C:\\Users\\oliver.uhlar\\Desktop\\Projects\\ping_vms\\.venv\\Scripts\\python.exe</arg>
<arg>print_nic.py</arg>
<arg>runserver</arg>
</arguments>
<assign>
<var>${result}</var>
</assign>
<msg timestamp="20201217 08:31:35.800" level="INFO">Starting process:
C:\Users\oliver.uhlar\Desktop\Projects\ping_vms\.venv\Scripts\python.exe print_nic.py runserver</msg>
<msg timestamp="20201217 08:31:35.802" level="INFO">Waiting for process to complete.</msg>
<msg timestamp="20201217 08:31:36.780" level="INFO">Process completed.</msg>
<msg timestamp="20201217 08:31:36.780" level="INFO">${result} = &lt;result object with rc 0&gt;</msg>
<status status="PASS" starttime="20201217 08:31:35.800" endtime="20201217 08:31:36.780"></status>
</kw>
<kw name="Should Be Empty" library="BuiltIn">
<doc>Verifies that the given item is empty.</doc>
<arguments>
<arg>${result.stderr}</arg>
<arg>msg=${result.stderr}</arg>
</arguments>
<msg timestamp="20201217 08:31:36.781" level="INFO">Length is 0</msg>
<status status="PASS" starttime="20201217 08:31:36.781" endtime="20201217 08:31:36.781"></status>
</kw>
<kw name="Log" library="BuiltIn">
<doc>Logs the given message with the given level.</doc>
<arguments>
<arg>${result.stdout}</arg>
</arguments>
<msg timestamp="20201217 08:31:36.782" level="INFO">
 VM n1
+----------+--------------+
| NIC name |     IPv4     |
+----------+--------------+
|  enp0s3  |  10.0.2.15   |
|  enp0s8  | 192.168.56.2 |
|  enp0s9  |  10.2.0.23   |
+----------+--------------+

 VM n2
+----------+--------------+
| NIC name |     IPv4     |
+----------+--------------+
|  enp0s3  |  10.0.2.15   |
|  enp0s8  | 192.168.56.3 |
|  enp0s9  |  10.2.0.24   |
+----------+--------------+</msg>
<status status="PASS" starttime="20201217 08:31:36.781" endtime="20201217 08:31:36.782"></status>
</kw>
<status status="PASS" starttime="20201217 08:31:35.799" endtime="20201217 08:31:36.782" critical="yes"></status>
</test>
<kw name="Teardown vms" type="teardown">
<kw name="Start Process" library="Process">
<doc>Starts a new process on background.</doc>
<arguments>
<arg>C:\\Program Files\\Oracle\\VirtualBox\\VBoxManage.exe</arg>
<arg>controlvm</arg>
<arg>ubuntu_1</arg>
<arg>poweroff</arg>
</arguments>
<msg timestamp="20201217 08:31:36.784" level="INFO">Starting process:
"C:\Program Files\Oracle\VirtualBox\VBoxManage.exe" controlvm ubuntu_1 poweroff</msg>
<status status="PASS" starttime="20201217 08:31:36.784" endtime="20201217 08:31:36.786"></status>
</kw>
<kw name="Start Process" library="Process">
<doc>Starts a new process on background.</doc>
<arguments>
<arg>C:\\Program Files\\Oracle\\VirtualBox\\VBoxManage.exe</arg>
<arg>controlvm</arg>
<arg>ubuntu_2</arg>
<arg>poweroff</arg>
</arguments>
<msg timestamp="20201217 08:31:36.786" level="INFO">Starting process:
"C:\Program Files\Oracle\VirtualBox\VBoxManage.exe" controlvm ubuntu_2 poweroff</msg>
<status status="PASS" starttime="20201217 08:31:36.786" endtime="20201217 08:31:36.788"></status>
</kw>
<status status="PASS" starttime="20201217 08:31:36.784" endtime="20201217 08:31:36.788"></status>
</kw>
<status status="PASS" starttime="20201217 08:30:44.107" endtime="20201217 08:31:36.788"></status>
</suite>
<statistics>
<total>
<stat pass="5" fail="0">Critical Tests</stat>
<stat pass="5" fail="0">All Tests</stat>
</total>
<tag>
</tag>
<suite>
<stat pass="5" fail="0" id="s1" name="Rf Test Cases">Rf Test Cases</stat>
</suite>
</statistics>
<errors>
</errors>
</robot>
